#
# There is insufficient memory for the Java Runtime Environment to continue.
# Native memory allocation (malloc) failed to allocate 521504 bytes for Chunk::new
# Possible reasons:
#   The system is out of physical RAM or swap space
#   The process is running with CompressedOops enabled, and the Java Heap may be blocking the growth of the native heap
# Possible solutions:
#   Reduce memory load on the system
#   Increase physical memory or swap space
#   Check if swap backing store is full
#   Decrease Java heap size (-Xmx/-Xms)
#   Decrease number of Java threads
#   Decrease Java thread stack sizes (-Xss)
#   Set larger code cache with -XX:ReservedCodeCacheSize=
#   JVM is running with Zero Based Compressed Oops mode in which the Java heap is
#     placed in the first 32GB address space. The Java Heap base address is the
#     maximum limit for the native heap growth. Please use -XX:HeapBaseMinAddress
#     to set the Java Heap base and to place the Java Heap above 32GB virtual address.
# This output file may be truncated or incomplete.
#
#  Out of Memory Error (arena.cpp:189), pid=15232, tid=17412
#
# JRE version: Java(TM) SE Runtime Environment (17.0+35) (build 17+35-LTS-2724)
# Java VM: Java HotSpot(TM) 64-Bit Server VM (17+35-LTS-2724, mixed mode, sharing, tiered, compressed oops, compressed class ptrs, g1 gc, windows-amd64)
# No core dump will be written. Minidumps are not enabled by default on client versions of Windows
#

---------------  S U M M A R Y ------------

Command Line: -javaagent:C:\Program Files\JetBrains\IntelliJ IDEA Community Edition 2021.1.3\lib\idea_rt.jar=59003:C:\Program Files\JetBrains\IntelliJ IDEA Community Edition 2021.1.3\bin -Dfile.encoding=UTF-8 com.vertex.vertex.VertexApplication

Host: 12th Gen Intel(R) Core(TM) i5-12500, 12 cores, 15G,  Windows 10 , 64 bit Build 19041 (10.0.19041.2364)
Time: Thu Feb 15 17:50:18 2024 Hora oficial do Brasil elapsed time: 516.669255 seconds (0d 0h 8m 36s)

---------------  T H R E A D  ---------------

Current thread (0x0000022144747fe0):  JavaThread "C2 CompilerThread0" daemon [_thread_in_native, id=17412, stack(0x000000dd62400000,0x000000dd62500000)]


Current CompileTask:
C2: 516669 13341   !   4       org.hibernate.metamodel.mapping.internal.PluralAttributeMappingImpl::generateFetch (237 bytes)

Stack: [0x000000dd62400000,0x000000dd62500000]
Native frames: (J=compiled Java code, j=interpreted, Vv=VM code, C=native code)
V  [jvm.dll+0x66f8ea]
V  [jvm.dll+0x7ce224]
V  [jvm.dll+0x7cf9ce]
V  [jvm.dll+0x7d0033]
V  [jvm.dll+0x242bb5]
V  [jvm.dll+0xaa05b]
V  [jvm.dll+0xaa5ec]
V  [jvm.dll+0x35f9f7]
V  [jvm.dll+0x329f61]
V  [jvm.dll+0x32940a]
V  [jvm.dll+0x215ca1]
V  [jvm.dll+0x2150c1]
V  [jvm.dll+0x1a168d]
V  [jvm.dll+0x2248f8]
V  [jvm.dll+0x222a5c]
V  [jvm.dll+0x78422b]
V  [jvm.dll+0x77e7ea]
V  [jvm.dll+0x66e715]
C  [ucrtbase.dll+0x21bb2]
C  [KERNEL32.DLL+0x17614]
C  [ntdll.dll+0x526a1]


---------------  P R O C E S S  ---------------

Threads class SMR info:
_java_thread_list=0x000002214a94b540, length=30, elements={
0x0000022144730420, 0x0000022144731290, 0x0000022144742510, 0x0000022144745ef0,
0x00000221447468a0, 0x0000022144747250, 0x0000022144747fe0, 0x0000022144748a80,
0x000002214516ffe0, 0x0000022144714140, 0x00000221455c6880, 0x000002214551e5d0,
0x00000221490af4c0, 0x000002214b10e830, 0x000002214b3f6010, 0x000002214978b020,
0x0000022146b94570, 0x0000022146b923c0, 0x000002214afe7290, 0x000002214afe5a80,
0x000002214afe8aa0, 0x000002214afe8f70, 0x000002214afe5f50, 0x000002214afe7760,
0x000002214afe8100, 0x000002214afe55b0, 0x000002214afe7c30, 0x000002214afe85d0,
0x000002214afe6420, 0x000002214afe68f0
}

Java Threads: ( => current thread )
  0x0000022144730420 JavaThread "Reference Handler" daemon [_thread_blocked, id=11656, stack(0x000000dd61e00000,0x000000dd61f00000)]
  0x0000022144731290 JavaThread "Finalizer" daemon [_thread_blocked, id=5592, stack(0x000000dd61f00000,0x000000dd62000000)]
  0x0000022144742510 JavaThread "Signal Dispatcher" daemon [_thread_blocked, id=17940, stack(0x000000dd62000000,0x000000dd62100000)]
  0x0000022144745ef0 JavaThread "Attach Listener" daemon [_thread_blocked, id=11664, stack(0x000000dd62100000,0x000000dd62200000)]
  0x00000221447468a0 JavaThread "Service Thread" daemon [_thread_blocked, id=16936, stack(0x000000dd62200000,0x000000dd62300000)]
  0x0000022144747250 JavaThread "Monitor Deflation Thread" daemon [_thread_blocked, id=17932, stack(0x000000dd62300000,0x000000dd62400000)]
=>0x0000022144747fe0 JavaThread "C2 CompilerThread0" daemon [_thread_in_native, id=17412, stack(0x000000dd62400000,0x000000dd62500000)]
  0x0000022144748a80 JavaThread "C1 CompilerThread0" daemon [_thread_blocked, id=18116, stack(0x000000dd62500000,0x000000dd62600000)]
  0x000002214516ffe0 JavaThread "Sweeper thread" daemon [_thread_blocked, id=15852, stack(0x000000dd62600000,0x000000dd62700000)]
  0x0000022144714140 JavaThread "Common-Cleaner" daemon [_thread_blocked, id=12264, stack(0x000000dd62700000,0x000000dd62800000)]
  0x00000221455c6880 JavaThread "Monitor Ctrl-Break" daemon [_thread_in_native, id=17864, stack(0x000000dd62800000,0x000000dd62900000)]
  0x000002214551e5d0 JavaThread "Notification Thread" daemon [_thread_blocked, id=15048, stack(0x000000dd62900000,0x000000dd62a00000)]
  0x00000221490af4c0 JavaThread "Catalina-utility-1" [_thread_blocked, id=10972, stack(0x000000dd63800000,0x000000dd63900000)]
  0x000002214b10e830 JavaThread "Catalina-utility-2" [_thread_blocked, id=15532, stack(0x000000dd63900000,0x000000dd63a00000)]
  0x000002214b3f6010 JavaThread "container-0" [_thread_blocked, id=14152, stack(0x000000dd63a00000,0x000000dd63b00000)]
  0x000002214978b020 JavaThread "mysql-cj-abandoned-connection-cleanup" daemon [_thread_blocked, id=18184, stack(0x000000dd63b00000,0x000000dd63c00000)]
  0x0000022146b94570 JavaThread "HikariPool-1 housekeeper" daemon [_thread_blocked, id=17456, stack(0x000000dd63d00000,0x000000dd63e00000)]
  0x0000022146b923c0 JavaThread "http-nio-7777-exec-1" daemon [_thread_blocked, id=15804, stack(0x000000dd63f00000,0x000000dd64000000)]
  0x000002214afe7290 JavaThread "http-nio-7777-exec-2" daemon [_thread_blocked, id=17260, stack(0x000000dd64000000,0x000000dd64100000)]
  0x000002214afe5a80 JavaThread "http-nio-7777-exec-3" daemon [_thread_blocked, id=14248, stack(0x000000dd64100000,0x000000dd64200000)]
  0x000002214afe8aa0 JavaThread "http-nio-7777-exec-4" daemon [_thread_blocked, id=11492, stack(0x000000dd64200000,0x000000dd64300000)]
  0x000002214afe8f70 JavaThread "http-nio-7777-exec-5" daemon [_thread_blocked, id=11428, stack(0x000000dd64300000,0x000000dd64400000)]
  0x000002214afe5f50 JavaThread "http-nio-7777-exec-6" daemon [_thread_blocked, id=3432, stack(0x000000dd64400000,0x000000dd64500000)]
  0x000002214afe7760 JavaThread "http-nio-7777-exec-7" daemon [_thread_blocked, id=1840, stack(0x000000dd64500000,0x000000dd64600000)]
  0x000002214afe8100 JavaThread "http-nio-7777-exec-8" daemon [_thread_blocked, id=3392, stack(0x000000dd64600000,0x000000dd64700000)]
  0x000002214afe55b0 JavaThread "http-nio-7777-exec-9" daemon [_thread_blocked, id=10772, stack(0x000000dd64700000,0x000000dd64800000)]
  0x000002214afe7c30 JavaThread "http-nio-7777-exec-10" daemon [_thread_blocked, id=8140, stack(0x000000dd64800000,0x000000dd64900000)]
  0x000002214afe85d0 JavaThread "http-nio-7777-Poller" daemon [_thread_in_native, id=6436, stack(0x000000dd64900000,0x000000dd64a00000)]
  0x000002214afe6420 JavaThread "http-nio-7777-Acceptor" daemon [_thread_in_native, id=9264, stack(0x000000dd64a00000,0x000000dd64b00000)]
  0x000002214afe68f0 JavaThread "DestroyJavaVM" [_thread_blocked, id=12704, stack(0x000000dd61700000,0x000000dd61800000)]

Other Threads:
  0x000002214472b8c0 VMThread "VM Thread" [stack: 0x000000dd61d00000,0x000000dd61e00000] [id=12500]
  0x00000221453b9b00 WatcherThread [stack: 0x000000dd62a00000,0x000000dd62b00000] [id=13144]
  0x0000022121101390 GCTaskThread "GC Thread#0" [stack: 0x000000dd61800000,0x000000dd61900000] [id=13276]
  0x0000022145c629c0 GCTaskThread "GC Thread#1" [stack: 0x000000dd62d00000,0x000000dd62e00000] [id=11856]
  0x0000022145c62c70 GCTaskThread "GC Thread#2" [stack: 0x000000dd62e00000,0x000000dd62f00000] [id=2960]
  0x0000022145c62f20 GCTaskThread "GC Thread#3" [stack: 0x000000dd62f00000,0x000000dd63000000] [id=2944]
  0x00000221459d1110 GCTaskThread "GC Thread#4" [stack: 0x000000dd63000000,0x000000dd63100000] [id=13104]
  0x00000221459d13c0 GCTaskThread "GC Thread#5" [stack: 0x000000dd63100000,0x000000dd63200000] [id=9832]
  0x000002214638db40 GCTaskThread "GC Thread#6" [stack: 0x000000dd63300000,0x000000dd63400000] [id=18388]
  0x000002214631f840 GCTaskThread "GC Thread#7" [stack: 0x000000dd63400000,0x000000dd63500000] [id=13152]
  0x0000022146bc56a0 GCTaskThread "GC Thread#8" [stack: 0x000000dd63200000,0x000000dd63300000] [id=10792]
  0x0000022146a27f30 GCTaskThread "GC Thread#9" [stack: 0x000000dd63500000,0x000000dd63600000] [id=14940]
  0x0000022121113e30 ConcurrentGCThread "G1 Main Marker" [stack: 0x000000dd61900000,0x000000dd61a00000] [id=13172]
  0x0000022121114840 ConcurrentGCThread "G1 Conc#0" [stack: 0x000000dd61a00000,0x000000dd61b00000] [id=14516]
  0x00000221467316a0 ConcurrentGCThread "G1 Conc#1" [stack: 0x000000dd63600000,0x000000dd63700000] [id=14924]
  0x00000221463290e0 ConcurrentGCThread "G1 Conc#2" [stack: 0x000000dd63700000,0x000000dd63800000] [id=13780]
  0x00000221445f30e0 ConcurrentGCThread "G1 Refine#0" [stack: 0x000000dd61b00000,0x000000dd61c00000] [id=12492]
  0x00000221445f3b00 ConcurrentGCThread "G1 Service" [stack: 0x000000dd61c00000,0x000000dd61d00000] [id=12496]

Threads with active compile tasks:
C2 CompilerThread0   516689 13341   !   4       org.hibernate.metamodel.mapping.internal.PluralAttributeMappingImpl::generateFetch (237 bytes)

VM state: not at safepoint (normal execution)

VM Mutex/Monitor currently owned by a thread: None

Heap address: 0x0000000704c00000, size: 4020 MB, Compressed Oops mode: Zero based, Oop shift amount: 3

CDS archive(s) mapped at: [0x0000000800000000-0x0000000800bc0000-0x0000000800bc0000), size 12320768, SharedBaseAddress: 0x0000000800000000, ArchiveRelocationMode: 0.
Compressed class space mapped at: 0x0000000800c00000-0x0000000840c00000, reserved size: 1073741824
Narrow klass base: 0x0000000800000000, Narrow klass shift: 0, Narrow klass range: 0x100000000

GC Precious Log:
 CPUs: 12 total, 12 available
 Memory: 16072M
 Large Page Support: Disabled
 NUMA Support: Disabled
 Compressed Oops: Enabled (Zero based)
 Heap Region Size: 2M
 Heap Min Capacity: 8M
 Heap Initial Capacity: 252M
 Heap Max Capacity: 4020M
 Pre-touch: Disabled
 Parallel Workers: 10
 Concurrent Workers: 3
 Concurrent Refinement Workers: 10
 Periodic GC: Disabled

Heap:
 garbage-first heap   total 102400K, used 43298K [0x0000000704c00000, 0x0000000800000000)
  region size 2048K, 6 young (12288K), 1 survivors (2048K)
 Metaspace       used 78339K, committed 78976K, reserved 1122304K
  class space    used 10310K, committed 10624K, reserved 1048576K

Heap Regions: E=young(eden), S=young(survivor), O=old, HS=humongous(starts), HC=humongous(continues), CS=collection set, F=free, OA=open archive, CA=closed archive, TAMS=top-at-mark-start (previous, next)
|   0|0x0000000704c00000, 0x0000000704e00000, 0x0000000704e00000|100%| O|  |TAMS 0x0000000704e00000, 0x0000000704c00000| Untracked 
|   1|0x0000000704e00000, 0x0000000705000000, 0x0000000705000000|100%| O|  |TAMS 0x0000000705000000, 0x0000000704e00000| Untracked 
|   2|0x0000000705000000, 0x0000000705200000, 0x0000000705200000|100%| O|  |TAMS 0x0000000705200000, 0x0000000705000000| Untracked 
|   3|0x0000000705200000, 0x0000000705400000, 0x0000000705400000|100%| O|  |TAMS 0x0000000705400000, 0x0000000705200000| Untracked 
|   4|0x0000000705400000, 0x0000000705600000, 0x0000000705600000|100%| O|  |TAMS 0x0000000705600000, 0x0000000705400000| Untracked 
|   5|0x0000000705600000, 0x0000000705800000, 0x0000000705800000|100%| O|  |TAMS 0x0000000705800000, 0x0000000705600000| Untracked 
|   6|0x0000000705800000, 0x0000000705a00000, 0x0000000705a00000|100%| O|  |TAMS 0x0000000705a00000, 0x0000000705800000| Untracked 
|   7|0x0000000705a00000, 0x0000000705c00000, 0x0000000705c00000|100%| O|  |TAMS 0x0000000705c00000, 0x0000000705a00000| Untracked 
|   8|0x0000000705c00000, 0x0000000705e00000, 0x0000000705e00000|100%| O|  |TAMS 0x0000000705e00000, 0x0000000705c00000| Untracked 
|   9|0x0000000705e00000, 0x0000000706000000, 0x0000000706000000|100%| O|  |TAMS 0x0000000706000000, 0x0000000705e00000| Untracked 
|  10|0x0000000706000000, 0x0000000706022000, 0x0000000706200000|  6%| O|  |TAMS 0x0000000706022000, 0x0000000706000000| Untracked 
|  11|0x0000000706200000, 0x0000000706400000, 0x0000000706400000|100%| O|  |TAMS 0x0000000706200000, 0x0000000706200000| Untracked 
|  12|0x0000000706400000, 0x0000000706600000, 0x0000000706600000|100%| O|  |TAMS 0x0000000706400000, 0x0000000706400000| Untracked 
|  13|0x0000000706600000, 0x0000000706800000, 0x0000000706800000|100%| O|  |TAMS 0x0000000706600000, 0x0000000706600000| Untracked 
|  14|0x0000000706800000, 0x0000000706a00000, 0x0000000706a00000|100%| O|  |TAMS 0x0000000706800000, 0x0000000706800000| Untracked 
|  15|0x0000000706a00000, 0x0000000706c00000, 0x0000000706c00000|100%| O|  |TAMS 0x0000000706a00000, 0x0000000706a00000| Untracked 
|  16|0x0000000706c00000, 0x0000000706e00000, 0x0000000706e00000|100%| O|  |TAMS 0x0000000706c00000, 0x0000000706c00000| Untracked 
|  17|0x0000000706e00000, 0x0000000707000000, 0x0000000707000000|100%| O|  |TAMS 0x0000000706e00000, 0x0000000706e00000| Untracked 
|  18|0x0000000707000000, 0x000000070701ba00, 0x0000000707200000|  5%| O|  |TAMS 0x0000000707000000, 0x0000000707000000| Untracked 
|  19|0x0000000707200000, 0x0000000707200000, 0x0000000707400000|  0%| F|  |TAMS 0x0000000707200000, 0x0000000707200000| Untracked 
|  20|0x0000000707400000, 0x0000000707400000, 0x0000000707600000|  0%| F|  |TAMS 0x0000000707400000, 0x0000000707400000| Untracked 
|  21|0x0000000707600000, 0x0000000707600000, 0x0000000707800000|  0%| F|  |TAMS 0x0000000707600000, 0x0000000707600000| Untracked 
|  22|0x0000000707800000, 0x0000000707800000, 0x0000000707a00000|  0%| F|  |TAMS 0x0000000707800000, 0x0000000707800000| Untracked 
|  23|0x0000000707a00000, 0x0000000707a00000, 0x0000000707c00000|  0%| F|  |TAMS 0x0000000707a00000, 0x0000000707a00000| Untracked 
|  24|0x0000000707c00000, 0x0000000707c0b160, 0x0000000707e00000|  2%| S|CS|TAMS 0x0000000707c00000, 0x0000000707c00000| Complete 
|  25|0x0000000707e00000, 0x0000000707e00000, 0x0000000708000000|  0%| F|  |TAMS 0x0000000707e00000, 0x0000000707e00000| Untracked 
|  26|0x0000000708000000, 0x0000000708000000, 0x0000000708200000|  0%| F|  |TAMS 0x0000000708000000, 0x0000000708000000| Untracked 
|  27|0x0000000708200000, 0x0000000708200000, 0x0000000708400000|  0%| F|  |TAMS 0x0000000708200000, 0x0000000708200000| Untracked 
|  28|0x0000000708400000, 0x0000000708400000, 0x0000000708600000|  0%| F|  |TAMS 0x0000000708400000, 0x0000000708400000| Untracked 
|  29|0x0000000708600000, 0x0000000708600000, 0x0000000708800000|  0%| F|  |TAMS 0x0000000708600000, 0x0000000708600000| Untracked 
|  30|0x0000000708800000, 0x0000000708800000, 0x0000000708a00000|  0%| F|  |TAMS 0x0000000708800000, 0x0000000708800000| Untracked 
|  31|0x0000000708a00000, 0x0000000708a00000, 0x0000000708c00000|  0%| F|  |TAMS 0x0000000708a00000, 0x0000000708a00000| Untracked 
|  32|0x0000000708c00000, 0x0000000708c00000, 0x0000000708e00000|  0%| F|  |TAMS 0x0000000708c00000, 0x0000000708c00000| Untracked 
|  33|0x0000000708e00000, 0x0000000708e00000, 0x0000000709000000|  0%| F|  |TAMS 0x0000000708e00000, 0x0000000708e00000| Untracked 
|  34|0x0000000709000000, 0x0000000709000000, 0x0000000709200000|  0%| F|  |TAMS 0x0000000709000000, 0x0000000709000000| Untracked 
|  35|0x0000000709200000, 0x0000000709200000, 0x0000000709400000|  0%| F|  |TAMS 0x0000000709200000, 0x0000000709200000| Untracked 
|  36|0x0000000709400000, 0x0000000709400000, 0x0000000709600000|  0%| F|  |TAMS 0x0000000709400000, 0x0000000709400000| Untracked 
|  37|0x0000000709600000, 0x0000000709600000, 0x0000000709800000|  0%| F|  |TAMS 0x0000000709600000, 0x0000000709600000| Untracked 
|  38|0x0000000709800000, 0x0000000709800000, 0x0000000709a00000|  0%| F|  |TAMS 0x0000000709800000, 0x0000000709800000| Untracked 
|  39|0x0000000709a00000, 0x0000000709a00000, 0x0000000709c00000|  0%| F|  |TAMS 0x0000000709a00000, 0x0000000709a00000| Untracked 
|  40|0x0000000709c00000, 0x0000000709c00000, 0x0000000709e00000|  0%| F|  |TAMS 0x0000000709c00000, 0x0000000709c00000| Untracked 
|  41|0x0000000709e00000, 0x0000000709e00000, 0x000000070a000000|  0%| F|  |TAMS 0x0000000709e00000, 0x0000000709e00000| Untracked 
|  42|0x000000070a000000, 0x000000070a000000, 0x000000070a200000|  0%| F|  |TAMS 0x000000070a000000, 0x000000070a000000| Untracked 
|  43|0x000000070a200000, 0x000000070a200000, 0x000000070a400000|  0%| F|  |TAMS 0x000000070a200000, 0x000000070a200000| Untracked 
|  44|0x000000070a400000, 0x000000070a400000, 0x000000070a600000|  0%| F|  |TAMS 0x000000070a400000, 0x000000070a400000| Untracked 
|  45|0x000000070a600000, 0x000000070a6c2710, 0x000000070a800000| 37%| E|  |TAMS 0x000000070a600000, 0x000000070a600000| Complete 
|  52|0x000000070b400000, 0x000000070b600000, 0x000000070b600000|100%| E|CS|TAMS 0x000000070b400000, 0x000000070b400000| Complete 
|  53|0x000000070b600000, 0x000000070b800000, 0x000000070b800000|100%| E|CS|TAMS 0x000000070b600000, 0x000000070b600000| Complete 
|  54|0x000000070b800000, 0x000000070ba00000, 0x000000070ba00000|100%| E|CS|TAMS 0x000000070b800000, 0x000000070b800000| Complete 
| 125|0x0000000714600000, 0x0000000714800000, 0x0000000714800000|100%| E|CS|TAMS 0x0000000714600000, 0x0000000714600000| Complete 

Card table byte_map: [0x0000022138d70000,0x0000022139550000] _byte_map_base: 0x000002213554a000

Marking Bits (Prev, Next): (CMBitMap*) 0x00000221211029f0, (CMBitMap*) 0x00000221211029b0
 Prev Bits: [0x000002213dc00000, 0x0000022141ad0000)
 Next Bits: [0x0000022139d30000, 0x000002213dc00000)

Polling page: 0x000002211f7d0000

Metaspace:

Usage:
  Non-class:     66.44 MB used.
      Class:     10.07 MB used.
       Both:     76.50 MB used.

Virtual space:
  Non-class space:       72.00 MB reserved,      66.75 MB ( 93%) committed,  9 nodes.
      Class space:        1.00 GB reserved,      10.38 MB (  1%) committed,  1 nodes.
             Both:        1.07 GB reserved,      77.12 MB (  7%) committed. 

Chunk freelists:
   Non-Class:  512.00 KB
       Class:  1.60 MB
        Both:  2.10 MB

MaxMetaspaceSize: unlimited
CompressedClassSpaceSize: 1.00 GB
Initial GC threshold: 21.00 MB
Current GC threshold: 98.38 MB
CDS: on
MetaspaceReclaimPolicy: balanced
 - commit_granule_bytes: 65536.
 - commit_granule_words: 8192.
 - virtual_space_node_default_size: 1048576.
 - enlarge_chunks_in_place: 1.
 - new_chunks_are_fully_committed: 0.
 - uncommit_free_chunks: 1.
 - use_allocation_guard: 0.
 - handle_deallocations: 1.


Internal statistics:

num_allocs_failed_limit: 9.
num_arena_births: 944.
num_arena_deaths: 0.
num_vsnodes_births: 10.
num_vsnodes_deaths: 0.
num_space_committed: 1234.
num_space_uncommitted: 0.
num_chunks_returned_to_freelist: 9.
num_chunks_taken_from_freelist: 3767.
num_chunk_merges: 9.
num_chunk_splits: 2683.
num_chunks_enlarged: 2059.
num_purges: 0.
num_inconsistent_stats: 0.

CodeHeap 'non-profiled nmethods': size=120000Kb used=10606Kb max_used=10606Kb free=109393Kb
 bounds [0x00000221303d0000, 0x0000022130e30000, 0x0000022137900000]
CodeHeap 'profiled nmethods': size=120000Kb used=20600Kb max_used=22679Kb free=99400Kb
 bounds [0x0000022128ea0000, 0x000002212a4d0000, 0x00000221303d0000]
CodeHeap 'non-nmethods': size=5760Kb used=1376Kb max_used=1491Kb free=4383Kb
 bounds [0x0000022128900000, 0x0000022128b70000, 0x0000022128ea0000]
 total_blobs=11816 nmethods=11109 adapters=618
 compilation: enabled
              stopped_count=0, restarted_count=0
 full_count=0

Compilation events (20 events):
Event: 516.377 Thread 0x0000022144747fe0 nmethod 13331 0x0000022130e24f10 code [0x0000022130e25120, 0x0000022130e25930]
Event: 516.377 Thread 0x0000022144747fe0 13332       4       org.hibernate.metamodel.mapping.internal.PluralAttributeMappingImpl::buildDelayedCollectionFetch (13 bytes)
Event: 516.378 Thread 0x0000022144747fe0 nmethod 13332 0x0000022130e26290 code [0x0000022130e26420, 0x0000022130e265b8]
Event: 516.446 Thread 0x0000022144747fe0 13333       4       org.hibernate.metamodel.mapping.internal.ToOneAttributeMapping::generateFetch (14 bytes)
Event: 516.446 Thread 0x0000022144747fe0 nmethod 13333 0x0000022130e26690 code [0x0000022130e26820, 0x0000022130e268c8]
Event: 516.503 Thread 0x0000022144747fe0 13334       4       org.hibernate.metamodel.mapping.internal.PluralAttributeMappingImpl::getFetchableName (5 bytes)
Event: 516.503 Thread 0x0000022144747fe0 nmethod 13334 0x0000022130e26990 code [0x0000022130e26b00, 0x0000022130e26b78]
Event: 516.522 Thread 0x0000022144747fe0 13335       4       org.springframework.aop.support.AopUtils::getTargetClass (55 bytes)
Event: 516.523 Thread 0x0000022144747fe0 nmethod 13335 0x0000022130e26c90 code [0x0000022130e26e20, 0x0000022130e26f58]
Event: 516.540 Thread 0x0000022144747fe0 13336       4       org.hibernate.metamodel.mapping.SelectablePath::equals (57 bytes)
Event: 516.542 Thread 0x0000022144747fe0 nmethod 13336 0x0000022130e27090 code [0x0000022130e27220, 0x0000022130e276c8]
Event: 516.583 Thread 0x0000022144747fe0 13337       4       org.hibernate.metamodel.mapping.internal.ToOneAttributeMapping::determineTableGroupForFetch (65 bytes)
Event: 516.597 Thread 0x0000022144747fe0 nmethod 13337 0x0000022130e27990 code [0x0000022130e27be0, 0x0000022130e28e50]
Event: 516.597 Thread 0x0000022144747fe0 13338       4       org.hibernate.metamodel.mapping.internal.ToOneAttributeMapping$$Lambda$1037/0x0000000801421da0::<init> (38 bytes)
Event: 516.600 Thread 0x0000022144747fe0 nmethod 13338 0x0000022130e29c90 code [0x0000022130e29e00, 0x0000022130e2a3f8]
Event: 516.615 Thread 0x0000022144747fe0 13339   !   4       java.util.regex.Pattern::matcher (44 bytes)
Event: 516.625 Thread 0x0000022144747fe0 nmethod 13339 0x0000022130e2a490 code [0x0000022130e2a660, 0x0000022130e2b128]
Event: 516.646 Thread 0x0000022144747fe0 13340       4       org.hibernate.metamodel.mapping.internal.PluralAttributeMappingImpl::resolveCircularFetch (48 bytes)
Event: 516.647 Thread 0x0000022144747fe0 nmethod 13340 0x0000022130e2b510 code [0x0000022130e2b6c0, 0x0000022130e2b848]
Event: 516.654 Thread 0x0000022144747fe0 13341   !   4       org.hibernate.metamodel.mapping.internal.PluralAttributeMappingImpl::generateFetch (237 bytes)

GC Heap History (20 events):
Event: 510.847 GC heap before
{Heap before GC invocations=36 (full 0):
 garbage-first heap   total 102400K, used 86228K [0x0000000704c00000, 0x0000000800000000)
  region size 2048K, 26 young (53248K), 1 survivors (2048K)
 Metaspace       used 78335K, committed 78976K, reserved 1122304K
  class space    used 10310K, committed 10624K, reserved 1048576K
}
Event: 510.848 GC heap after
{Heap after GC invocations=37 (full 0):
 garbage-first heap   total 102400K, used 35031K [0x0000000704c00000, 0x0000000800000000)
  region size 2048K, 1 young (2048K), 1 survivors (2048K)
 Metaspace       used 78335K, committed 78976K, reserved 1122304K
  class space    used 10310K, committed 10624K, reserved 1048576K
}
Event: 511.503 GC heap before
{Heap before GC invocations=37 (full 0):
 garbage-first heap   total 102400K, used 86231K [0x0000000704c00000, 0x0000000800000000)
  region size 2048K, 26 young (53248K), 1 survivors (2048K)
 Metaspace       used 78335K, committed 78976K, reserved 1122304K
  class space    used 10310K, committed 10624K, reserved 1048576K
}
Event: 511.504 GC heap after
{Heap after GC invocations=38 (full 0):
 garbage-first heap   total 102400K, used 35050K [0x0000000704c00000, 0x0000000800000000)
  region size 2048K, 1 young (2048K), 1 survivors (2048K)
 Metaspace       used 78335K, committed 78976K, reserved 1122304K
  class space    used 10310K, committed 10624K, reserved 1048576K
}
Event: 512.113 GC heap before
{Heap before GC invocations=38 (full 0):
 garbage-first heap   total 102400K, used 84202K [0x0000000704c00000, 0x0000000800000000)
  region size 2048K, 25 young (51200K), 1 survivors (2048K)
 Metaspace       used 78335K, committed 78976K, reserved 1122304K
  class space    used 10310K, committed 10624K, reserved 1048576K
}
Event: 512.114 GC heap after
{Heap after GC invocations=39 (full 0):
 garbage-first heap   total 102400K, used 35046K [0x0000000704c00000, 0x0000000800000000)
  region size 2048K, 1 young (2048K), 1 survivors (2048K)
 Metaspace       used 78335K, committed 78976K, reserved 1122304K
  class space    used 10310K, committed 10624K, reserved 1048576K
}
Event: 512.716 GC heap before
{Heap before GC invocations=39 (full 0):
 garbage-first heap   total 102400K, used 84198K [0x0000000704c00000, 0x0000000800000000)
  region size 2048K, 25 young (51200K), 1 survivors (2048K)
 Metaspace       used 78335K, committed 78976K, reserved 1122304K
  class space    used 10310K, committed 10624K, reserved 1048576K
}
Event: 512.717 GC heap after
{Heap after GC invocations=40 (full 0):
 garbage-first heap   total 102400K, used 35076K [0x0000000704c00000, 0x0000000800000000)
  region size 2048K, 1 young (2048K), 1 survivors (2048K)
 Metaspace       used 78335K, committed 78976K, reserved 1122304K
  class space    used 10310K, committed 10624K, reserved 1048576K
}
Event: 513.324 GC heap before
{Heap before GC invocations=40 (full 0):
 garbage-first heap   total 102400K, used 84228K [0x0000000704c00000, 0x0000000800000000)
  region size 2048K, 25 young (51200K), 1 survivors (2048K)
 Metaspace       used 78335K, committed 78976K, reserved 1122304K
  class space    used 10310K, committed 10624K, reserved 1048576K
}
Event: 513.324 GC heap after
{Heap after GC invocations=41 (full 0):
 garbage-first heap   total 102400K, used 35060K [0x0000000704c00000, 0x0000000800000000)
  region size 2048K, 1 young (2048K), 1 survivors (2048K)
 Metaspace       used 78335K, committed 78976K, reserved 1122304K
  class space    used 10310K, committed 10624K, reserved 1048576K
}
Event: 513.930 GC heap before
{Heap before GC invocations=41 (full 0):
 garbage-first heap   total 102400K, used 84212K [0x0000000704c00000, 0x0000000800000000)
  region size 2048K, 25 young (51200K), 1 survivors (2048K)
 Metaspace       used 78335K, committed 78976K, reserved 1122304K
  class space    used 10310K, committed 10624K, reserved 1048576K
}
Event: 513.931 GC heap after
{Heap after GC invocations=42 (full 0):
 garbage-first heap   total 102400K, used 35072K [0x0000000704c00000, 0x0000000800000000)
  region size 2048K, 1 young (2048K), 1 survivors (2048K)
 Metaspace       used 78335K, committed 78976K, reserved 1122304K
  class space    used 10310K, committed 10624K, reserved 1048576K
}
Event: 514.647 GC heap before
{Heap before GC invocations=42 (full 0):
 garbage-first heap   total 102400K, used 84224K [0x0000000704c00000, 0x0000000800000000)
  region size 2048K, 25 young (51200K), 1 survivors (2048K)
 Metaspace       used 78335K, committed 78976K, reserved 1122304K
  class space    used 10310K, committed 10624K, reserved 1048576K
}
Event: 514.648 GC heap after
{Heap after GC invocations=43 (full 0):
 garbage-first heap   total 102400K, used 35075K [0x0000000704c00000, 0x0000000800000000)
  region size 2048K, 1 young (2048K), 1 survivors (2048K)
 Metaspace       used 78335K, committed 78976K, reserved 1122304K
  class space    used 10310K, committed 10624K, reserved 1048576K
}
Event: 515.299 GC heap before
{Heap before GC invocations=43 (full 0):
 garbage-first heap   total 102400K, used 84227K [0x0000000704c00000, 0x0000000800000000)
  region size 2048K, 25 young (51200K), 1 survivors (2048K)
 Metaspace       used 78335K, committed 78976K, reserved 1122304K
  class space    used 10310K, committed 10624K, reserved 1048576K
}
Event: 515.300 GC heap after
{Heap after GC invocations=44 (full 0):
 garbage-first heap   total 102400K, used 35100K [0x0000000704c00000, 0x0000000800000000)
  region size 2048K, 1 young (2048K), 1 survivors (2048K)
 Metaspace       used 78335K, committed 78976K, reserved 1122304K
  class space    used 10310K, committed 10624K, reserved 1048576K
}
Event: 515.948 GC heap before
{Heap before GC invocations=44 (full 0):
 garbage-first heap   total 102400K, used 84252K [0x0000000704c00000, 0x0000000800000000)
  region size 2048K, 25 young (51200K), 1 survivors (2048K)
 Metaspace       used 78335K, committed 78976K, reserved 1122304K
  class space    used 10310K, committed 10624K, reserved 1048576K
}
Event: 515.948 GC heap after
{Heap after GC invocations=45 (full 0):
 garbage-first heap   total 102400K, used 35104K [0x0000000704c00000, 0x0000000800000000)
  region size 2048K, 1 young (2048K), 1 survivors (2048K)
 Metaspace       used 78335K, committed 78976K, reserved 1122304K
  class space    used 10310K, committed 10624K, reserved 1048576K
}
Event: 516.559 GC heap before
{Heap before GC invocations=45 (full 0):
 garbage-first heap   total 102400K, used 84256K [0x0000000704c00000, 0x0000000800000000)
  region size 2048K, 25 young (51200K), 1 survivors (2048K)
 Metaspace       used 78335K, committed 78976K, reserved 1122304K
  class space    used 10310K, committed 10624K, reserved 1048576K
}
Event: 516.559 GC heap after
{Heap after GC invocations=46 (full 0):
 garbage-first heap   total 102400K, used 35106K [0x0000000704c00000, 0x0000000800000000)
  region size 2048K, 1 young (2048K), 1 survivors (2048K)
 Metaspace       used 78335K, committed 78976K, reserved 1122304K
  class space    used 10310K, committed 10624K, reserved 1048576K
}

Deoptimization events (20 events):
Event: 501.343 Thread 0x0000022146b923c0 DEOPT PACKING pc=0x0000022130c04808 sp=0x000000dd63ffa640
Event: 501.343 Thread 0x0000022146b923c0 DEOPT UNPACKING pc=0x00000221289523a3 sp=0x000000dd63ffa448 mode 2
Event: 501.364 Thread 0x000002214afe8f70 DEOPT PACKING pc=0x0000022129fcb6b9 sp=0x000000dd643fcc40
Event: 501.364 Thread 0x000002214afe8f70 DEOPT UNPACKING pc=0x0000022128952b43 sp=0x000000dd643fc160 mode 0
Event: 502.549 Thread 0x000002214afe5f50 Uncommon trap: trap_request=0xffffff54 fr.pc=0x0000022130c8c448 relative=0x00000000000003c8
Event: 502.549 Thread 0x000002214afe5f50 Uncommon trap: reason=speculate_null_assert action=make_not_entrant pc=0x0000022130c8c448 method=org.hibernate.internal.util.NullnessHelper.lambda$coalesceSuppliedValues$0(Ljava/lang/Object;)Ljava/lang/Boolean; @ 18 c2
Event: 502.549 Thread 0x000002214afe5f50 DEOPT PACKING pc=0x0000022130c8c448 sp=0x000000dd644fa6d0
Event: 502.549 Thread 0x000002214afe5f50 DEOPT UNPACKING pc=0x00000221289523a3 sp=0x000000dd644fa3c8 mode 2
Event: 506.441 Thread 0x000002214afe7290 DEOPT PACKING pc=0x000002212a2b9e95 sp=0x000000dd640febc0
Event: 506.441 Thread 0x000002214afe7290 DEOPT UNPACKING pc=0x0000022128952b43 sp=0x000000dd640fe038 mode 0
Event: 507.886 Thread 0x000002214afe55b0 DEOPT PACKING pc=0x000002212a3be7e2 sp=0x000000dd647fe660
Event: 507.886 Thread 0x000002214afe55b0 DEOPT UNPACKING pc=0x0000022128952b43 sp=0x000000dd647fda80 mode 0
Event: 508.192 Thread 0x0000022146b923c0 DEOPT PACKING pc=0x000002212a2b60ae sp=0x000000dd63ffeae0
Event: 508.192 Thread 0x0000022146b923c0 DEOPT UNPACKING pc=0x0000022128952b43 sp=0x000000dd63ffdf28 mode 0
Event: 508.240 Thread 0x000002214afe8aa0 DEOPT PACKING pc=0x000002212a1f2a20 sp=0x000000dd642fe5e0
Event: 508.240 Thread 0x000002214afe8aa0 DEOPT UNPACKING pc=0x0000022128952b43 sp=0x000000dd642fda00 mode 0
Event: 509.427 Thread 0x000002214afe55b0 DEOPT PACKING pc=0x000002212a0d94d0 sp=0x000000dd647fe610
Event: 509.427 Thread 0x000002214afe55b0 DEOPT UNPACKING pc=0x0000022128952b43 sp=0x000000dd647fda90 mode 0
Event: 509.828 Thread 0x000002214afe5f50 DEOPT PACKING pc=0x000002212a0547d0 sp=0x000000dd644fe600
Event: 509.828 Thread 0x000002214afe5f50 DEOPT UNPACKING pc=0x0000022128952b43 sp=0x000000dd644fda78 mode 0

Classes unloaded (0 events):
No events

Classes redefined (0 events):
No events

Internal exceptions (20 events):
Event: 6.384 Thread 0x00000221210b4120 Exception <a 'java/lang/NoSuchMethodError'{0x0000000708cba8e0}: 'java.lang.Object java.lang.invoke.Invokers$Holder.invoke_MT(java.lang.Object, java.lang.Object, java.lang.Object, java.lang.Object, java.lang.Object, java.lang.Object, java.lang.Object, java.lang.Object, java.lang.Object)'> (0x0000000708cba8e0) 
thrown [t:\workspace\open\src\hotspot\share\interpreter\linkResolver.cpp, line 766]
Event: 6.386 Thread 0x00000221210b4120 Exception <a 'java/lang/IncompatibleClassChangeError'{0x0000000708ce3908}: Found class java.lang.Object, but interface was expected> (0x0000000708ce3908) 
thrown [t:\workspace\open\src\hotspot\share\interpreter\linkResolver.cpp, line 833]
Event: 6.415 Thread 0x00000221210b4120 Exception <a 'java/lang/NoSuchMethodError'{0x0000000708a5fa70}: 'java.lang.Object java.lang.invoke.DirectMethodHandle$Holder.invokeStatic(java.lang.Object, int, java.lang.Object)'> (0x0000000708a5fa70) 
thrown [t:\workspace\open\src\hotspot\share\interpreter\linkResolver.cpp, line 766]
Event: 6.456 Thread 0x00000221210b4120 Exception <a 'java/lang/reflect/InvocationTargetException'{0x0000000708191220}> (0x0000000708191220) 
thrown [t:\workspace\open\src\hotspot\share\runtime\reflection.cpp, line 1121]
Event: 6.459 Thread 0x00000221210b4120 Exception <a 'java/lang/reflect/InvocationTargetException'{0x00000007081a1d50}> (0x00000007081a1d50) 
thrown [t:\workspace\open\src\hotspot\share\runtime\reflection.cpp, line 1121]
Event: 6.474 Thread 0x00000221210b4120 Exception <a 'java/lang/reflect/InvocationTargetException'{0x0000000707afa560}> (0x0000000707afa560) 
thrown [t:\workspace\open\src\hotspot\share\runtime\reflection.cpp, line 1121]
Event: 6.501 Thread 0x00000221210b4120 Exception <a 'java/lang/reflect/InvocationTargetException'{0x000000070b76ff00}> (0x000000070b76ff00) 
thrown [t:\workspace\open\src\hotspot\share\runtime\reflection.cpp, line 1121]
Event: 6.503 Thread 0x00000221210b4120 Exception <a 'java/lang/reflect/InvocationTargetException'{0x000000070b7894b8}> (0x000000070b7894b8) 
thrown [t:\workspace\open\src\hotspot\share\runtime\reflection.cpp, line 1121]
Event: 6.504 Thread 0x00000221210b4120 Exception <a 'java/lang/reflect/InvocationTargetException'{0x000000070b796648}> (0x000000070b796648) 
thrown [t:\workspace\open\src\hotspot\share\runtime\reflection.cpp, line 1121]
Event: 6.588 Thread 0x00000221210b4120 Exception <a 'java/lang/NoSuchMethodError'{0x0000000708e6bea8}: 'java.lang.Object java.lang.invoke.DirectMethodHandle$Holder.invokeInterface(java.lang.Object, java.lang.Object, java.lang.Object, java.lang.Object)'> (0x0000000708e6bea8) 
thrown [t:\workspace\open\src\hotspot\share\interpreter\linkResolver.cpp, line 766]
Event: 6.646 Thread 0x00000221210b4120 Exception <a 'sun/nio/fs/WindowsException'{0x0000000708ac8438}> (0x0000000708ac8438) 
thrown [t:\workspace\open\src\hotspot\share\prims\jni.cpp, line 516]
Event: 6.687 Thread 0x00000221210b4120 Exception <a 'java/lang/NoSuchMethodError'{0x0000000708742440}: 'void java.lang.invoke.DirectMethodHandle$Holder.invokeVirtual(java.lang.Object, java.lang.Object, long)'> (0x0000000708742440) 
thrown [t:\workspace\open\src\hotspot\share\interpreter\linkResolver.cpp, line 766]
Event: 6.774 Thread 0x00000221210b4120 Exception <a 'java/lang/IncompatibleClassChangeError'{0x0000000714620f48}: Found class java.lang.Object, but interface was expected> (0x0000000714620f48) 
thrown [t:\workspace\open\src\hotspot\share\interpreter\linkResolver.cpp, line 833]
Event: 6.854 Thread 0x00000221210b4120 Exception <a 'java/lang/NoSuchMethodError'{0x000000070a049c90}: 'java.lang.Object java.lang.invoke.DirectMethodHandle$Holder.newInvokeSpecial(java.lang.Object, java.lang.Object, int, java.lang.Object, java.lang.Object)'> (0x000000070a049c90) 
thrown [t:\workspace\open\src\hotspot\share\interpreter\linkResolver.cpp, line 766]
Event: 6.855 Thread 0x00000221210b4120 Exception <a 'java/lang/NoSuchMethodError'{0x000000070a054f28}: 'java.lang.Object java.lang.invoke.DirectMethodHandle$Holder.invokeSpecial(java.lang.Object, java.lang.Object, int, java.lang.Object, int, java.lang.Object)'> (0x000000070a054f28) 
thrown [t:\workspace\open\src\hotspot\share\interpreter\linkResolver.cpp, line 766]
Event: 6.855 Thread 0x00000221210b4120 Exception <a 'java/lang/NoSuchMethodError'{0x000000070a05cca0}: 'java.lang.Object java.lang.invoke.DirectMethodHandle$Holder.newInvokeSpecial(java.lang.Object, java.lang.Object, int, java.lang.Object, int)'> (0x000000070a05cca0) 
thrown [t:\workspace\open\src\hotspot\share\interpreter\linkResolver.cpp, line 766]
Event: 6.855 Thread 0x00000221210b4120 Exception <a 'java/lang/NoSuchMethodError'{0x000000070a060da0}: 'java.lang.Object java.lang.invoke.DirectMethodHandle$Holder.invokeSpecial(java.lang.Object, java.lang.Object, java.lang.Object, int, java.lang.Object, int)'> (0x000000070a060da0) 
thrown [t:\workspace\open\src\hotspot\share\interpreter\linkResolver.cpp, line 766]
Event: 180.815 Thread 0x0000022146b923c0 Exception <a 'java/lang/NoSuchMethodError'{0x0000000709b4d170}: 'java.lang.Object java.lang.invoke.DirectMethodHandle$Holder.invokeSpecial(java.lang.Object, java.lang.Object, java.lang.Object, java.lang.Object, java.lang.Object, long)'> (0x0000000709b4d170) 
thrown [t:\workspace\open\src\hotspot\share\interpreter\linkResolver.cpp, line 766]
Event: 180.815 Thread 0x0000022146b923c0 Exception <a 'java/lang/NoSuchMethodError'{0x0000000709b50ec0}: 'java.lang.Object java.lang.invoke.Invokers$Holder.linkToTargetMethod(java.lang.Object, java.lang.Object, java.lang.Object, long, java.lang.Object)'> (0x0000000709b50ec0) 
thrown [t:\workspace\open\src\hotspot\share\interpreter\linkResolver.cpp, line 766]
Event: 180.894 Thread 0x0000022146b923c0 Exception <a 'java/lang/NoSuchMethodError'{0x0000000709506900}: 'void java.lang.invoke.DirectMethodHandle$Holder.invokeSpecialIFC(java.lang.Object, java.lang.Object, int, java.lang.Object, java.lang.Object, java.lang.Object, java.lang.Object)'> (0x0000000709506900) 
thrown [t:\workspace\open\src\hotspot\share\interpreter\linkResolver.cpp, line 766]

VM Operations (20 events):
Event: 510.847 Executing VM operation: G1CollectForAllocation
Event: 510.848 Executing VM operation: G1CollectForAllocation done
Event: 511.503 Executing VM operation: G1CollectForAllocation
Event: 511.504 Executing VM operation: G1CollectForAllocation done
Event: 512.113 Executing VM operation: G1CollectForAllocation
Event: 512.114 Executing VM operation: G1CollectForAllocation done
Event: 512.716 Executing VM operation: G1CollectForAllocation
Event: 512.717 Executing VM operation: G1CollectForAllocation done
Event: 513.324 Executing VM operation: G1CollectForAllocation
Event: 513.324 Executing VM operation: G1CollectForAllocation done
Event: 513.930 Executing VM operation: G1CollectForAllocation
Event: 513.931 Executing VM operation: G1CollectForAllocation done
Event: 514.647 Executing VM operation: G1CollectForAllocation
Event: 514.648 Executing VM operation: G1CollectForAllocation done
Event: 515.299 Executing VM operation: G1CollectForAllocation
Event: 515.300 Executing VM operation: G1CollectForAllocation done
Event: 515.947 Executing VM operation: G1CollectForAllocation
Event: 515.948 Executing VM operation: G1CollectForAllocation done
Event: 516.559 Executing VM operation: G1CollectForAllocation
Event: 516.559 Executing VM operation: G1CollectForAllocation done

Events (20 events):
Event: 501.583 Thread 0x000002214516ffe0 flushing nmethod 0x000002212a082010
Event: 501.583 Thread 0x000002214516ffe0 flushing nmethod 0x000002212a083110
Event: 501.583 Thread 0x000002214516ffe0 flushing nmethod 0x000002212a095690
Event: 501.583 Thread 0x000002214516ffe0 flushing nmethod 0x000002212a0bdc90
Event: 501.583 Thread 0x000002214516ffe0 flushing nmethod 0x000002212a0c5c90
Event: 501.583 Thread 0x000002214516ffe0 flushing nmethod 0x000002212a0c9290
Event: 501.583 Thread 0x000002214516ffe0 flushing nmethod 0x000002212a0c9610
Event: 501.583 Thread 0x000002214516ffe0 flushing nmethod 0x000002212a0d4610
Event: 501.583 Thread 0x000002214516ffe0 flushing nmethod 0x000002212a0e6e10
Event: 501.584 Thread 0x000002214516ffe0 flushing nmethod 0x000002212a19ce10
Event: 501.637 loading class sun/util/locale/LocaleExtensions
Event: 501.639 loading class sun/util/locale/LocaleExtensions done
Event: 502.129 Thread 0x00000221465a3090 Thread exited: 0x00000221465a3090
Event: 502.867 loading class jdk/internal/misc/ScopedMemoryAccess$Scope$Handle
Event: 502.867 loading class jdk/internal/misc/ScopedMemoryAccess$Scope$Handle done
Event: 503.744 Thread 0x00000221465a2160 Thread added: 0x00000221465a2160
Event: 504.838 Thread 0x00000221465a3090 Thread added: 0x00000221465a3090
Event: 504.963 Thread 0x00000221465a3090 Thread exited: 0x00000221465a3090
Event: 505.311 Thread 0x00000221465a2160 Thread exited: 0x00000221465a2160
Event: 509.093 Thread 0x000002214516ffe0 flushing nmethod 0x000002212928e710


Dynamic libraries:
0x00007ff6ce640000 - 0x00007ff6ce650000 	C:\Program Files\Java\jdk-17\bin\java.exe
0x00007ffc8c430000 - 0x00007ffc8c628000 	C:\WINDOWS\SYSTEM32\ntdll.dll
0x00007ffc8b010000 - 0x00007ffc8b0cf000 	C:\WINDOWS\System32\KERNEL32.DLL
0x00007ffc89d60000 - 0x00007ffc8a032000 	C:\WINDOWS\System32\KERNELBASE.dll
0x00007ffc4a3a0000 - 0x00007ffc4a3b8000 	C:\Program Files\Java\jdk-17\bin\jli.dll
0x00007ffc8abc0000 - 0x00007ffc8ac6e000 	C:\WINDOWS\System32\ADVAPI32.dll
0x00007ffc8af70000 - 0x00007ffc8b00e000 	C:\WINDOWS\System32\msvcrt.dll
0x00007ffc8ace0000 - 0x00007ffc8ad7c000 	C:\WINDOWS\System32\sechost.dll
0x00007ffc8b0d0000 - 0x00007ffc8b1f5000 	C:\WINDOWS\System32\RPCRT4.dll
0x00007ffc4dcf0000 - 0x00007ffc4dd0a000 	C:\Program Files\Java\jdk-17\bin\VCRUNTIME140.dll
0x00007ffc8b290000 - 0x00007ffc8b431000 	C:\WINDOWS\System32\USER32.dll
0x00007ffc8a190000 - 0x00007ffc8a1b2000 	C:\WINDOWS\System32\win32u.dll
0x00007ffc8b980000 - 0x00007ffc8b9ab000 	C:\WINDOWS\System32\GDI32.dll
0x00007ffc8a2f0000 - 0x00007ffc8a3ff000 	C:\WINDOWS\System32\gdi32full.dll
0x00007ffc8a040000 - 0x00007ffc8a0dd000 	C:\WINDOWS\System32\msvcp_win.dll
0x00007ffc8a1c0000 - 0x00007ffc8a2c0000 	C:\WINDOWS\System32\ucrtbase.dll
0x00007ffc5c690000 - 0x00007ffc5c92a000 	C:\WINDOWS\WinSxS\amd64_microsoft.windows.common-controls_6595b64144ccf1df_6.0.19041.1110_none_60b5254171f9507e\COMCTL32.dll
0x00007ffc84150000 - 0x00007ffc8415a000 	C:\WINDOWS\SYSTEM32\VERSION.dll
0x00007ffc8b570000 - 0x00007ffc8b5a2000 	C:\WINDOWS\System32\IMM32.DLL
0x000002211f7e0000 - 0x000002211f7f4000 	C:\WINDOWS\System32\umppc17706.dll
0x00007ffc5c580000 - 0x00007ffc5c58c000 	C:\Program Files\Java\jdk-17\bin\vcruntime140_1.dll
0x00007ffc49d30000 - 0x00007ffc49dbd000 	C:\Program Files\Java\jdk-17\bin\msvcp140.dll
0x00007ffbf09b0000 - 0x00007ffbf156e000 	C:\Program Files\Java\jdk-17\bin\server\jvm.dll
0x00007ffc8b560000 - 0x00007ffc8b568000 	C:\WINDOWS\System32\PSAPI.DLL
0x00007ffc5c0d0000 - 0x00007ffc5c0d9000 	C:\WINDOWS\SYSTEM32\WSOCK32.dll
0x00007ffc8b910000 - 0x00007ffc8b97b000 	C:\WINDOWS\System32\WS2_32.dll
0x00007ffc66750000 - 0x00007ffc66777000 	C:\WINDOWS\SYSTEM32\WINMM.dll
0x00007ffc88350000 - 0x00007ffc88362000 	C:\WINDOWS\SYSTEM32\kernel.appcore.dll
0x00007ffc5c570000 - 0x00007ffc5c57a000 	C:\Program Files\Java\jdk-17\bin\jimage.dll
0x00007ffc87830000 - 0x00007ffc87a14000 	C:\WINDOWS\SYSTEM32\DBGHELP.DLL
0x00007ffc5c590000 - 0x00007ffc5c5c5000 	C:\WINDOWS\SYSTEM32\dbgcore.DLL
0x00007ffc89c80000 - 0x00007ffc89d02000 	C:\WINDOWS\System32\bcryptPrimitives.dll
0x00007ffc3eef0000 - 0x00007ffc3eefe000 	C:\Program Files\Java\jdk-17\bin\instrument.dll
0x00007ffc49d00000 - 0x00007ffc49d25000 	C:\Program Files\Java\jdk-17\bin\java.dll
0x00007ffbf0720000 - 0x00007ffbf07f6000 	C:\Program Files\Java\jdk-17\bin\svml.dll
0x00007ffc8baf0000 - 0x00007ffc8c234000 	C:\WINDOWS\System32\SHELL32.dll
0x00007ffc87a20000 - 0x00007ffc881b2000 	C:\WINDOWS\SYSTEM32\windows.storage.dll
0x00007ffc8b5b0000 - 0x00007ffc8b905000 	C:\WINDOWS\System32\combase.dll
0x00007ffc894a0000 - 0x00007ffc894d0000 	C:\WINDOWS\SYSTEM32\Wldp.dll
0x00007ffc8b9b0000 - 0x00007ffc8ba5d000 	C:\WINDOWS\System32\SHCORE.dll
0x00007ffc8b230000 - 0x00007ffc8b285000 	C:\WINDOWS\System32\shlwapi.dll
0x00007ffc89a60000 - 0x00007ffc89a7f000 	C:\WINDOWS\SYSTEM32\profapi.dll
0x00007ffbf06d0000 - 0x00007ffbf06e8000 	C:\Program Files\Java\jdk-17\bin\zip.dll
0x00007ffc49ce0000 - 0x00007ffc49cf9000 	C:\Program Files\Java\jdk-17\bin\net.dll
0x00007ffc83ab0000 - 0x00007ffc83bbc000 	C:\WINDOWS\SYSTEM32\WINHTTP.dll
0x00007ffc89280000 - 0x00007ffc892ea000 	C:\WINDOWS\system32\mswsock.dll
0x00007ffc3ef20000 - 0x00007ffc3ef35000 	C:\Program Files\Java\jdk-17\bin\nio.dll
0x00007ffc0e720000 - 0x00007ffc0e73a000 	C:\Program Files\JetBrains\IntelliJ IDEA Community Edition 2021.1.3\bin\breakgen64.dll
0x00007ffc894e0000 - 0x00007ffc894f8000 	C:\WINDOWS\SYSTEM32\CRYPTSP.dll
0x00007ffc88b50000 - 0x00007ffc88b84000 	C:\WINDOWS\system32\rsaenh.dll
0x00007ffc8a2c0000 - 0x00007ffc8a2e7000 	C:\WINDOWS\System32\bcrypt.dll
0x00007ffc89a20000 - 0x00007ffc89a4e000 	C:\WINDOWS\SYSTEM32\USERENV.dll
0x00007ffc89410000 - 0x00007ffc8941c000 	C:\WINDOWS\SYSTEM32\CRYPTBASE.dll
0x00007ffc88f40000 - 0x00007ffc88f7b000 	C:\WINDOWS\SYSTEM32\IPHLPAPI.DLL
0x00007ffc8acd0000 - 0x00007ffc8acd8000 	C:\WINDOWS\System32\NSI.dll
0x00007ffc84990000 - 0x00007ffc849a7000 	C:\WINDOWS\SYSTEM32\dhcpcsvc6.DLL
0x00007ffc84930000 - 0x00007ffc8494d000 	C:\WINDOWS\SYSTEM32\dhcpcsvc.DLL
0x00007ffc88f80000 - 0x00007ffc8904a000 	C:\WINDOWS\SYSTEM32\DNSAPI.dll
0x00007ffc3ef00000 - 0x00007ffc3ef0e000 	C:\Program Files\Java\jdk-17\bin\sunmscapi.dll
0x00007ffc89b20000 - 0x00007ffc89c76000 	C:\WINDOWS\System32\CRYPT32.dll
0x00007ffc895f0000 - 0x00007ffc89617000 	C:\WINDOWS\SYSTEM32\ncrypt.dll
0x00007ffc895b0000 - 0x00007ffc895eb000 	C:\WINDOWS\SYSTEM32\NTASN1.dll
0x00007ffc46170000 - 0x00007ffc46179000 	C:\Program Files\Java\jdk-17\bin\management.dll
0x00007ffc3ef10000 - 0x00007ffc3ef1b000 	C:\Program Files\Java\jdk-17\bin\management_ext.dll
0x00007ffc4af90000 - 0x00007ffc4afa0000 	C:\Program Files\Java\jdk-17\bin\verify.dll
0x00007ffc81f60000 - 0x00007ffc81f6a000 	C:\Windows\System32\rasadhlp.dll
0x00007ffc84a90000 - 0x00007ffc84b10000 	C:\WINDOWS\System32\fwpuclnt.dll
0x00007ffc51a50000 - 0x00007ffc51a57000 	C:\WINDOWS\system32\wshunix.dll

dbghelp: loaded successfully - version: 4.0.5 - missing functions: none
symbol engine: initialized successfully - sym options: 0x614 - pdb path: .;C:\Program Files\Java\jdk-17\bin;C:\WINDOWS\SYSTEM32;C:\WINDOWS\WinSxS\amd64_microsoft.windows.common-controls_6595b64144ccf1df_6.0.19041.1110_none_60b5254171f9507e;C:\Program Files\Java\jdk-17\bin\server;C:\Program Files\JetBrains\IntelliJ IDEA Community Edition 2021.1.3\bin

VM Arguments:
jvm_args: -javaagent:C:\Program Files\JetBrains\IntelliJ IDEA Community Edition 2021.1.3\lib\idea_rt.jar=59003:C:\Program Files\JetBrains\IntelliJ IDEA Community Edition 2021.1.3\bin -Dfile.encoding=UTF-8 
java_command: com.vertex.vertex.VertexApplication
java_class_path (initial): C:\Users\anacb\Vertex-API\target\classes;C:\Users\anacb\.m2\repository\org\springframework\boot\spring-boot-starter-data-jpa\3.1.5\spring-boot-starter-data-jpa-3.1.5.jar;C:\Users\anacb\.m2\repository\org\springframework\boot\spring-boot-starter-aop\3.1.5\spring-boot-starter-aop-3.1.5.jar;C:\Users\anacb\.m2\repository\org\springframework\spring-aop\6.0.13\spring-aop-6.0.13.jar;C:\Users\anacb\.m2\repository\org\aspectj\aspectjweaver\1.9.20\aspectjweaver-1.9.20.jar;C:\Users\anacb\.m2\repository\org\springframework\boot\spring-boot-starter-jdbc\3.1.5\spring-boot-starter-jdbc-3.1.5.jar;C:\Users\anacb\.m2\repository\com\zaxxer\HikariCP\5.0.1\HikariCP-5.0.1.jar;C:\Users\anacb\.m2\repository\org\springframework\spring-jdbc\6.0.13\spring-jdbc-6.0.13.jar;C:\Users\anacb\.m2\repository\org\hibernate\orm\hibernate-core\6.2.13.Final\hibernate-core-6.2.13.Final.jar;C:\Users\anacb\.m2\repository\jakarta\persistence\jakarta.persistence-api\3.1.0\jakarta.persistence-api-3.1.0.jar;C:\Users\anacb\.m2\repository\jakarta\transaction\jakarta.transaction-api\2.0.1\jakarta.transaction-api-2.0.1.jar;C:\Users\anacb\.m2\repository\org\jboss\logging\jboss-logging\3.5.3.Final\jboss-logging-3.5.3.Final.jar;C:\Users\anacb\.m2\repository\org\hibernate\common\hibernate-commons-annotations\6.0.6.Final\hibernate-commons-annotations-6.0.6.Final.jar;C:\Users\anacb\.m2\repository\io\smallrye\jandex\3.0.5\jandex-3.0.5.jar;C:\Users\anacb\.m2\repository\com\fasterxml\classmate\1.5.1\classmate-1.5.1.jar;C:\Users\anacb\.m2\repository\net\bytebuddy\byte-buddy\1.14.9\byte-buddy-1.14.9.jar;C:\Users\anacb\.m2\repository\org\glassfish\jaxb\jaxb-runtime\4.0.3\jaxb-runtime-4.0.3.jar;C:\Users\anacb\.m2\repository\org\glassfish\jaxb\jaxb-core\4.0.3\jaxb-core-4.0.3.jar;C:\Users\anacb\.m2\repository\org\eclipse\angus\angus-activation\2.0.1\angus-activation-2.0.1.jar;C:\Users\anacb\.m2\repository\org\glassfish\jaxb\txw2\4.0.3\txw2-4.0.3.jar;C:\Users\anacb\.m2\repository\com\sun\istack\istack-
Launcher Type: SUN_STANDARD

[Global flags]
     intx CICompilerCount                          = 4                                         {product} {ergonomic}
     uint ConcGCThreads                            = 3                                         {product} {ergonomic}
     uint G1ConcRefinementThreads                  = 10                                        {product} {ergonomic}
   size_t G1HeapRegionSize                         = 2097152                                   {product} {ergonomic}
    uintx GCDrainStackTargetSize                   = 64                                        {product} {ergonomic}
   size_t InitialHeapSize                          = 264241152                                 {product} {ergonomic}
   size_t MarkStackSize                            = 4194304                                   {product} {ergonomic}
   size_t MaxHeapSize                              = 4215275520                                {product} {ergonomic}
   size_t MaxNewSize                               = 2529165312                                {product} {ergonomic}
   size_t MinHeapDeltaBytes                        = 2097152                                   {product} {ergonomic}
   size_t MinHeapSize                              = 8388608                                   {product} {ergonomic}
    uintx NonNMethodCodeHeapSize                   = 5839372                                {pd product} {ergonomic}
    uintx NonProfiledCodeHeapSize                  = 122909434                              {pd product} {ergonomic}
    uintx ProfiledCodeHeapSize                     = 122909434                              {pd product} {ergonomic}
    uintx ReservedCodeCacheSize                    = 251658240                              {pd product} {ergonomic}
     bool SegmentedCodeCache                       = true                                      {product} {ergonomic}
   size_t SoftMaxHeapSize                          = 4215275520                             {manageable} {ergonomic}
     bool UseCompressedClassPointers               = true                           {product lp64_product} {ergonomic}
     bool UseCompressedOops                        = true                           {product lp64_product} {ergonomic}
     bool UseG1GC                                  = true                                      {product} {ergonomic}
     bool UseLargePagesIndividualAllocation        = false                                  {pd product} {ergonomic}

Logging:
Log output configuration:
 #0: stdout all=warning uptime,level,tags
 #1: stderr all=off uptime,level,tags

Environment Variables:
JAVA_HOME=C:\Program Files\Java\jdk1.8.0_111
PATH=C:\Program Files (x86)\VMware\VMware Player\bin\;C:\Program Files\Common Files\Oracle\Java\javapath;C:\Python39\Scripts\;C:\Python39\;C:\ProgramData\Oracle\Java\javapath;C:\Python38\Scripts\;C:\Python38\;C:\Program Files (x86)\Common Files\Oracle\Java\javapath;C:\WINDOWS\system32;C:\WINDOWS;C:\WINDOWS\System32\Wbem;C:\WINDOWS\System32\WindowsPowerShell\v1.0\;C:\WINDOWS\System32\OpenSSH\;C:\Program Files (x86)\IronRuby 1.1\bin;C:\Program Files\Microsoft SQL Server\120\Tools\Binn\;C:\Program Files\Microsoft SQL Server\Client SDK\ODBC\110\Tools\Binn\;C:\Program Files (x86)\IVI Foundation\VISA\WinNT\Bin;C:\Program Files (x86)\Windows Live\Shared;C:\ProgramData\chocolatey\bin;C:\Program Files (x86)\Microchip\MPLAB C32 Suite\bin;C:\Program Files (x86)\Microsoft SQL Server\120\Tools\Binn\;C:\Program Files\Microsoft SQL Server\120\DTS\Binn\;C:\Program Files (x86)\Windows Kits\8.1\Windows Performance Toolkit\;C:\Program Files (x86)\P-CAD 2006 Viewer\;C:\Program Files (x86)\Brackets\command;C:\Users\Aluno\AppData\Roaming\npm;C:\Program Files\dotnet\;C:\Program Files\Microsoft SQL Server\130\Tools\Binn\;C:\Program Files\Microsoft SQL Server\Client SDK\ODBC\170\Tools\Binn\;c:\src\flutter;C:\ProgramData\UNIVALI\Portugol Studio;C:\Program Files\Git\cmd;C:\Program Files (x86)\Yarn\bin\;C:\Program Files\Android\Sdk\emulator;C:\Program Files\Android\Sdk\tools;C:\Program Files\Android\Sdk\tools\bin;C:\Program Files\Android\Sdk\platform-tools;C:\Program Files (x86)\Yarn\bin;C:\Program Files\PuTTY\;C:\Program Files\nodejs\;;C:\Program Files\Docker\Docker\resources\bin;C:\ProgramData\DockerDesktop\version-bin;C:\Users\anacb\AppData\Local\Microsoft\WindowsApps;;C:\Users\anacb\AppData\Local\Programs\Microsoft VS Code\bin
USERNAME=anacb
OS=Windows_NT
PROCESSOR_IDENTIFIER=Intel64 Family 6 Model 151 Stepping 5, GenuineIntel



---------------  S Y S T E M  ---------------

OS:
 Windows 10 , 64 bit Build 19041 (10.0.19041.2364)
OS uptime: 0 days 0:19 hours
Hyper-V role detected

CPU: total 12 (initial active 12) (6 cores per cpu, 2 threads per core) family 6 model 151 stepping 5 microcode 0x1e, cx8, cmov, fxsr, ht, mmx, 3dnowpref, sse, sse2, sse3, ssse3, sse4.1, sse4.2, popcnt, lzcnt, tsc, tscinvbit, avx, avx2, aes, erms, clmul, bmi1, bmi2, adx, sha, fma, vzeroupper, clflush, clflushopt, clwb, hv

Memory: 4k page, system-wide physical 16072M (3115M free)
TotalPageFile size 21277M (AvailPageFile size 4M)
current process WorkingSet (physical memory assigned to process): 297M, peak: 353M
current process commit charge ("private bytes"): 343M, peak: 417M

vm_info: Java HotSpot(TM) 64-Bit Server VM (17+35-LTS-2724) for windows-amd64 JRE (17+35-LTS-2724), built on Aug  5 2021 23:28:28 by "mach5one" with MS VC++ 16.8 (VS2019)

END.
