#
# There is insufficient memory for the Java Runtime Environment to continue.
# Native memory allocation (malloc) failed to allocate 1191456 bytes for Chunk::new
# Possible reasons:
#   The system is out of physical RAM or swap space
#   The process is running with CompressedOops enabled, and the Java Heap may be blocking the growth of the native heap
# Possible solutions:
#   Reduce memory load on the system
#   Increase physical memory or swap space
#   Check if swap backing store is full
#   Decrease Java heap size (-Xmx/-Xms)
#   Decrease number of Java threads
#   Decrease Java thread stack sizes (-Xss)
#   Set larger code cache with -XX:ReservedCodeCacheSize=
#   JVM is running with Zero Based Compressed Oops mode in which the Java heap is
#     placed in the first 32GB address space. The Java Heap base address is the
#     maximum limit for the native heap growth. Please use -XX:HeapBaseMinAddress
#     to set the Java Heap base and to place the Java Heap above 32GB virtual address.
# This output file may be truncated or incomplete.
#
#  Out of Memory Error (arena.cpp:189), pid=16176, tid=11208
#
# JRE version: Java(TM) SE Runtime Environment (17.0+35) (build 17+35-LTS-2724)
# Java VM: Java HotSpot(TM) 64-Bit Server VM (17+35-LTS-2724, mixed mode, sharing, tiered, compressed oops, compressed class ptrs, g1 gc, windows-amd64)
# No core dump will be written. Minidumps are not enabled by default on client versions of Windows
#

---------------  S U M M A R Y ------------

Command Line: -javaagent:C:\Program Files\JetBrains\IntelliJ IDEA Community Edition 2021.1.3\lib\idea_rt.jar=60147:C:\Program Files\JetBrains\IntelliJ IDEA Community Edition 2021.1.3\bin -Dfile.encoding=UTF-8 com.vertex.vertex.VertexApplication

Host: 12th Gen Intel(R) Core(TM) i5-12500, 12 cores, 15G,  Windows 10 , 64 bit Build 19041 (10.0.19041.2364)
Time: Thu Mar  7 13:29:40 2024 Hora oficial do Brasil elapsed time: 885.189871 seconds (0d 0h 14m 45s)

---------------  T H R E A D  ---------------

Current thread (0x0000018833406d10):  JavaThread "C2 CompilerThread0" daemon [_thread_in_native, id=11208, stack(0x00000058b4400000,0x00000058b4500000)]


Current CompileTask:
C2: 885189 13936   !   4       org.springframework.web.servlet.mvc.method.annotation.AbstractMessageConverterMethodProcessor::writeWithMessageConverters (907 bytes)

Stack: [0x00000058b4400000,0x00000058b4500000]
Native frames: (J=compiled Java code, j=interpreted, Vv=VM code, C=native code)
V  [jvm.dll+0x66f8ea]
V  [jvm.dll+0x7ce224]
V  [jvm.dll+0x7cf9ce]
V  [jvm.dll+0x7d0033]
V  [jvm.dll+0x242bb5]
V  [jvm.dll+0xaa05b]
V  [jvm.dll+0xaa5ec]
V  [jvm.dll+0x2a954f]
V  [jvm.dll+0x5784b9]
V  [jvm.dll+0x21de2d]
V  [jvm.dll+0x21e20f]
V  [jvm.dll+0x217ada]
V  [jvm.dll+0x214fb5]
V  [jvm.dll+0x1a168d]
V  [jvm.dll+0x2248f8]
V  [jvm.dll+0x222a5c]
V  [jvm.dll+0x78422b]
V  [jvm.dll+0x77e7ea]
V  [jvm.dll+0x66e715]
C  [ucrtbase.dll+0x21bb2]
C  [KERNEL32.DLL+0x17614]
C  [ntdll.dll+0x526a1]


---------------  P R O C E S S  ---------------

Threads class SMR info:
_java_thread_list=0x0000018833518160, length=30, elements={
0x0000018832a4a760, 0x0000018832a4b5d0, 0x0000018832a5cba0, 0x0000018832a5e660,
0x0000018833402180, 0x0000018833402b30, 0x0000018833406d10, 0x000001883340f710,
0x0000018833422cd0, 0x000001883350a260, 0x0000018833830c90, 0x0000018833831160,
0x0000018835c0c760, 0x0000018835c0af50, 0x0000018835c0a0e0, 0x0000018835c0a5b0,
0x0000018835c0c290, 0x000001883cdb6de0, 0x000001883cdb6440, 0x000001883cdb25b0,
0x000001883cdb9460, 0x000001883cdb85f0, 0x000001883cdb9930, 0x000001883cdb7780,
0x000001883cdb8f90, 0x000001883cdb8ac0, 0x000001883cdb9e00, 0x000001883cdb72b0,
0x000001883cdb3dc0, 0x000001883cdb4290
}

Java Threads: ( => current thread )
  0x0000018832a4a760 JavaThread "Reference Handler" daemon [_thread_blocked, id=5544, stack(0x00000058b3e00000,0x00000058b3f00000)]
  0x0000018832a4b5d0 JavaThread "Finalizer" daemon [_thread_blocked, id=15372, stack(0x00000058b3f00000,0x00000058b4000000)]
  0x0000018832a5cba0 JavaThread "Signal Dispatcher" daemon [_thread_blocked, id=4208, stack(0x00000058b4000000,0x00000058b4100000)]
  0x0000018832a5e660 JavaThread "Attach Listener" daemon [_thread_blocked, id=10180, stack(0x00000058b4100000,0x00000058b4200000)]
  0x0000018833402180 JavaThread "Service Thread" daemon [_thread_blocked, id=1416, stack(0x00000058b4200000,0x00000058b4300000)]
  0x0000018833402b30 JavaThread "Monitor Deflation Thread" daemon [_thread_blocked, id=820, stack(0x00000058b4300000,0x00000058b4400000)]
=>0x0000018833406d10 JavaThread "C2 CompilerThread0" daemon [_thread_in_native, id=11208, stack(0x00000058b4400000,0x00000058b4500000)]
  0x000001883340f710 JavaThread "C1 CompilerThread0" daemon [_thread_blocked, id=14156, stack(0x00000058b4500000,0x00000058b4600000)]
  0x0000018833422cd0 JavaThread "Sweeper thread" daemon [_thread_blocked, id=16308, stack(0x00000058b4600000,0x00000058b4700000)]
  0x000001883350a260 JavaThread "Common-Cleaner" daemon [_thread_blocked, id=16316, stack(0x00000058b4700000,0x00000058b4800000)]
  0x0000018833830c90 JavaThread "Monitor Ctrl-Break" daemon [_thread_in_native, id=16320, stack(0x00000058b4900000,0x00000058b4a00000)]
  0x0000018833831160 JavaThread "Notification Thread" daemon [_thread_blocked, id=14500, stack(0x00000058b4a00000,0x00000058b4b00000)]
  0x0000018835c0c760 JavaThread "Catalina-utility-1" [_thread_blocked, id=8328, stack(0x00000058b5800000,0x00000058b5900000)]
  0x0000018835c0af50 JavaThread "Catalina-utility-2" [_thread_blocked, id=15536, stack(0x00000058b5900000,0x00000058b5a00000)]
  0x0000018835c0a0e0 JavaThread "container-0" [_thread_blocked, id=16016, stack(0x00000058b5a00000,0x00000058b5b00000)]
  0x0000018835c0a5b0 JavaThread "mysql-cj-abandoned-connection-cleanup" daemon [_thread_blocked, id=10908, stack(0x00000058b5b00000,0x00000058b5c00000)]
  0x0000018835c0c290 JavaThread "HikariPool-1 housekeeper" daemon [_thread_blocked, id=3360, stack(0x00000058b5d00000,0x00000058b5e00000)]
  0x000001883cdb6de0 JavaThread "http-nio-7777-exec-1" daemon [_thread_blocked, id=16396, stack(0x00000058b6000000,0x00000058b6100000)]
  0x000001883cdb6440 JavaThread "http-nio-7777-exec-2" daemon [_thread_blocked, id=16400, stack(0x00000058b6100000,0x00000058b6200000)]
  0x000001883cdb25b0 JavaThread "http-nio-7777-exec-3" daemon [_thread_blocked, id=16404, stack(0x00000058b6200000,0x00000058b6300000)]
  0x000001883cdb9460 JavaThread "http-nio-7777-exec-4" daemon [_thread_blocked, id=16408, stack(0x00000058b6300000,0x00000058b6400000)]
  0x000001883cdb85f0 JavaThread "http-nio-7777-exec-5" daemon [_thread_blocked, id=16412, stack(0x00000058b6400000,0x00000058b6500000)]
  0x000001883cdb9930 JavaThread "http-nio-7777-exec-6" daemon [_thread_blocked, id=16416, stack(0x00000058b6500000,0x00000058b6600000)]
  0x000001883cdb7780 JavaThread "http-nio-7777-exec-7" daemon [_thread_blocked, id=16420, stack(0x00000058b6600000,0x00000058b6700000)]
  0x000001883cdb8f90 JavaThread "http-nio-7777-exec-8" daemon [_thread_blocked, id=16424, stack(0x00000058b6700000,0x00000058b6800000)]
  0x000001883cdb8ac0 JavaThread "http-nio-7777-exec-9" daemon [_thread_blocked, id=16428, stack(0x00000058b6800000,0x00000058b6900000)]
  0x000001883cdb9e00 JavaThread "http-nio-7777-exec-10" daemon [_thread_blocked, id=16432, stack(0x00000058b6900000,0x00000058b6a00000)]
  0x000001883cdb72b0 JavaThread "http-nio-7777-Poller" daemon [_thread_in_native, id=16444, stack(0x00000058b6a00000,0x00000058b6b00000)]
  0x000001883cdb3dc0 JavaThread "http-nio-7777-Acceptor" daemon [_thread_in_native, id=16448, stack(0x00000058b6b00000,0x00000058b6c00000)]
  0x000001883cdb4290 JavaThread "DestroyJavaVM" [_thread_blocked, id=15732, stack(0x00000058b3700000,0x00000058b3800000)]

Other Threads:
  0x0000018832a46b70 VMThread "VM Thread" [stack: 0x00000058b3d00000,0x00000058b3e00000] [id=16024]
  0x000001880f385370 WatcherThread [stack: 0x00000058b4b00000,0x00000058b4c00000] [id=1172]
  0x000001880f361d10 GCTaskThread "GC Thread#0" [stack: 0x00000058b3800000,0x00000058b3900000] [id=5100]
  0x0000018834279fa0 GCTaskThread "GC Thread#1" [stack: 0x00000058b4c00000,0x00000058b4d00000] [id=13556]
  0x0000018834196920 GCTaskThread "GC Thread#2" [stack: 0x00000058b4d00000,0x00000058b4e00000] [id=13552]
  0x00000188341dd880 GCTaskThread "GC Thread#3" [stack: 0x00000058b4e00000,0x00000058b4f00000] [id=12708]
  0x00000188341d84c0 GCTaskThread "GC Thread#4" [stack: 0x00000058b4f00000,0x00000058b5000000] [id=12444]
  0x0000018833e3f410 GCTaskThread "GC Thread#5" [stack: 0x00000058b5000000,0x00000058b5100000] [id=13764]
  0x0000018834b8fd00 GCTaskThread "GC Thread#6" [stack: 0x00000058b5200000,0x00000058b5300000] [id=12420]
  0x000001883457a6e0 GCTaskThread "GC Thread#7" [stack: 0x00000058b5300000,0x00000058b5400000] [id=5592]
  0x0000018834512ce0 GCTaskThread "GC Thread#8" [stack: 0x00000058b5100000,0x00000058b5200000] [id=14984]
  0x0000018836344c80 GCTaskThread "GC Thread#9" [stack: 0x00000058b5500000,0x00000058b5600000] [id=1236]
  0x000001880f3737b0 ConcurrentGCThread "G1 Main Marker" [stack: 0x00000058b3900000,0x00000058b3a00000] [id=10896]
  0x000001880f375970 ConcurrentGCThread "G1 Conc#0" [stack: 0x00000058b3a00000,0x00000058b3b00000] [id=6436]
  0x00000188376e4c80 ConcurrentGCThread "G1 Conc#1" [stack: 0x00000058b5600000,0x00000058b5700000] [id=16356]
  0x00000188375262a0 ConcurrentGCThread "G1 Conc#2" [stack: 0x00000058b5700000,0x00000058b5800000] [id=13224]
  0x000001880f3de830 ConcurrentGCThread "G1 Refine#0" [stack: 0x00000058b3b00000,0x00000058b3c00000] [id=3880]
  0x00000188328fd490 ConcurrentGCThread "G1 Service" [stack: 0x00000058b3c00000,0x00000058b3d00000] [id=16020]

Threads with active compile tasks:
C2 CompilerThread0   885212 13936   !   4       org.springframework.web.servlet.mvc.method.annotation.AbstractMessageConverterMethodProcessor::writeWithMessageConverters (907 bytes)

VM state: not at safepoint (normal execution)

VM Mutex/Monitor currently owned by a thread: None

Heap address: 0x0000000704c00000, size: 4020 MB, Compressed Oops mode: Zero based, Oop shift amount: 3

CDS archive(s) mapped at: [0x0000000800000000-0x0000000800bc0000-0x0000000800bc0000), size 12320768, SharedBaseAddress: 0x0000000800000000, ArchiveRelocationMode: 0.
Compressed class space mapped at: 0x0000000800c00000-0x0000000840c00000, reserved size: 1073741824
Narrow klass base: 0x0000000800000000, Narrow klass shift: 0, Narrow klass range: 0x100000000

GC Precious Log:
 CPUs: 12 total, 12 available
 Memory: 16072M
 Large Page Support: Disabled
 NUMA Support: Disabled
 Compressed Oops: Enabled (Zero based)
 Heap Region Size: 2M
 Heap Min Capacity: 8M
 Heap Initial Capacity: 252M
 Heap Max Capacity: 4020M
 Pre-touch: Disabled
 Parallel Workers: 10
 Concurrent Workers: 3
 Concurrent Refinement Workers: 10
 Periodic GC: Disabled

Heap:
 garbage-first heap   total 96256K, used 47957K [0x0000000704c00000, 0x0000000800000000)
  region size 2048K, 7 young (14336K), 1 survivors (2048K)
 Metaspace       used 80942K, committed 81664K, reserved 1122304K
  class space    used 10651K, committed 11008K, reserved 1048576K

Heap Regions: E=young(eden), S=young(survivor), O=old, HS=humongous(starts), HC=humongous(continues), CS=collection set, F=free, OA=open archive, CA=closed archive, TAMS=top-at-mark-start (previous, next)
|   0|0x0000000704c00000, 0x0000000704e00000, 0x0000000704e00000|100%| O|  |TAMS 0x0000000704e00000, 0x0000000704c00000| Untracked 
|   1|0x0000000704e00000, 0x0000000705000000, 0x0000000705000000|100%| O|  |TAMS 0x0000000705000000, 0x0000000704e00000| Untracked 
|   2|0x0000000705000000, 0x0000000705200000, 0x0000000705200000|100%| O|  |TAMS 0x0000000705200000, 0x0000000705000000| Untracked 
|   3|0x0000000705200000, 0x0000000705400000, 0x0000000705400000|100%| O|  |TAMS 0x0000000705400000, 0x0000000705200000| Untracked 
|   4|0x0000000705400000, 0x0000000705600000, 0x0000000705600000|100%| O|  |TAMS 0x0000000705600000, 0x0000000705400000| Untracked 
|   5|0x0000000705600000, 0x0000000705800000, 0x0000000705800000|100%| O|  |TAMS 0x0000000705800000, 0x0000000705600000| Untracked 
|   6|0x0000000705800000, 0x0000000705a00000, 0x0000000705a00000|100%| O|  |TAMS 0x0000000705a00000, 0x0000000705800000| Untracked 
|   7|0x0000000705a00000, 0x0000000705c00000, 0x0000000705c00000|100%| O|  |TAMS 0x0000000705c00000, 0x0000000705a00000| Untracked 
|   8|0x0000000705c00000, 0x0000000705e00000, 0x0000000705e00000|100%| O|  |TAMS 0x0000000705c00000, 0x0000000705c00000| Untracked 
|   9|0x0000000705e00000, 0x0000000706000000, 0x0000000706000000|100%| O|  |TAMS 0x0000000706000000, 0x0000000705e00000| Untracked 
|  10|0x0000000706000000, 0x0000000706200000, 0x0000000706200000|100%| O|  |TAMS 0x0000000706200000, 0x0000000706000000| Untracked 
|  11|0x0000000706200000, 0x0000000706400000, 0x0000000706400000|100%| O|  |TAMS 0x0000000706200000, 0x0000000706200000| Untracked 
|  12|0x0000000706400000, 0x0000000706600000, 0x0000000706600000|100%| O|  |TAMS 0x0000000706400000, 0x0000000706400000| Untracked 
|  13|0x0000000706600000, 0x0000000706800000, 0x0000000706800000|100%| O|  |TAMS 0x0000000706600000, 0x0000000706600000| Untracked 
|  14|0x0000000706800000, 0x0000000706a00000, 0x0000000706a00000|100%| O|  |TAMS 0x0000000706800000, 0x0000000706800000| Untracked 
|  15|0x0000000706a00000, 0x0000000706c00000, 0x0000000706c00000|100%| O|  |TAMS 0x0000000706a00000, 0x0000000706a00000| Untracked 
|  16|0x0000000706c00000, 0x0000000706e00000, 0x0000000706e00000|100%| O|  |TAMS 0x0000000706c00000, 0x0000000706c00000| Untracked 
|  17|0x0000000706e00000, 0x0000000706eb2800, 0x0000000707000000| 34%| O|  |TAMS 0x0000000706e00000, 0x0000000706e00000| Untracked 
|  18|0x0000000707000000, 0x0000000707000000, 0x0000000707200000|  0%| F|  |TAMS 0x0000000707000000, 0x0000000707000000| Untracked 
|  19|0x0000000707200000, 0x0000000707400000, 0x0000000707400000|100%| O|  |TAMS 0x0000000707200000, 0x0000000707200000| Untracked 
|  20|0x0000000707400000, 0x0000000707400000, 0x0000000707600000|  0%| F|  |TAMS 0x0000000707400000, 0x0000000707400000| Untracked 
|  21|0x0000000707600000, 0x0000000707600000, 0x0000000707800000|  0%| F|  |TAMS 0x0000000707600000, 0x0000000707600000| Untracked 
|  22|0x0000000707800000, 0x0000000707800000, 0x0000000707a00000|  0%| F|  |TAMS 0x0000000707800000, 0x0000000707800000| Untracked 
|  23|0x0000000707a00000, 0x0000000707a00000, 0x0000000707c00000|  0%| F|  |TAMS 0x0000000707a00000, 0x0000000707a00000| Untracked 
|  24|0x0000000707c00000, 0x0000000707c00000, 0x0000000707e00000|  0%| F|  |TAMS 0x0000000707c00000, 0x0000000707c00000| Untracked 
|  25|0x0000000707e00000, 0x0000000707e22ef0, 0x0000000708000000|  6%| S|CS|TAMS 0x0000000707e00000, 0x0000000707e00000| Complete 
|  26|0x0000000708000000, 0x0000000708000000, 0x0000000708200000|  0%| F|  |TAMS 0x0000000708000000, 0x0000000708000000| Untracked 
|  27|0x0000000708200000, 0x0000000708200000, 0x0000000708400000|  0%| F|  |TAMS 0x0000000708200000, 0x0000000708200000| Untracked 
|  28|0x0000000708400000, 0x0000000708400000, 0x0000000708600000|  0%| F|  |TAMS 0x0000000708400000, 0x0000000708400000| Untracked 
|  29|0x0000000708600000, 0x0000000708600000, 0x0000000708800000|  0%| F|  |TAMS 0x0000000708600000, 0x0000000708600000| Untracked 
|  30|0x0000000708800000, 0x0000000708800000, 0x0000000708a00000|  0%| F|  |TAMS 0x0000000708800000, 0x0000000708800000| Untracked 
|  31|0x0000000708a00000, 0x0000000708a00000, 0x0000000708c00000|  0%| F|  |TAMS 0x0000000708a00000, 0x0000000708a00000| Untracked 
|  32|0x0000000708c00000, 0x0000000708c00000, 0x0000000708e00000|  0%| F|  |TAMS 0x0000000708c00000, 0x0000000708c00000| Untracked 
|  33|0x0000000708e00000, 0x0000000708e00000, 0x0000000709000000|  0%| F|  |TAMS 0x0000000708e00000, 0x0000000708e00000| Untracked 
|  34|0x0000000709000000, 0x0000000709000000, 0x0000000709200000|  0%| F|  |TAMS 0x0000000709000000, 0x0000000709000000| Untracked 
|  35|0x0000000709200000, 0x0000000709200000, 0x0000000709400000|  0%| F|  |TAMS 0x0000000709200000, 0x0000000709200000| Untracked 
|  36|0x0000000709400000, 0x0000000709400000, 0x0000000709600000|  0%| F|  |TAMS 0x0000000709400000, 0x0000000709400000| Untracked 
|  37|0x0000000709600000, 0x0000000709600000, 0x0000000709800000|  0%| F|  |TAMS 0x0000000709600000, 0x0000000709600000| Untracked 
|  38|0x0000000709800000, 0x0000000709800000, 0x0000000709a00000|  0%| F|  |TAMS 0x0000000709800000, 0x0000000709800000| Untracked 
|  39|0x0000000709a00000, 0x0000000709a00000, 0x0000000709c00000|  0%| F|  |TAMS 0x0000000709a00000, 0x0000000709a00000| Untracked 
|  40|0x0000000709c00000, 0x0000000709c00000, 0x0000000709e00000|  0%| F|  |TAMS 0x0000000709c00000, 0x0000000709c00000| Untracked 
|  41|0x0000000709e00000, 0x0000000709ee9350, 0x000000070a000000| 45%| E|  |TAMS 0x0000000709e00000, 0x0000000709e00000| Complete 
|  42|0x000000070a000000, 0x000000070a200000, 0x000000070a200000|100%| E|CS|TAMS 0x000000070a000000, 0x000000070a000000| Complete 
|  43|0x000000070a200000, 0x000000070a400000, 0x000000070a400000|100%| E|CS|TAMS 0x000000070a200000, 0x000000070a200000| Complete 
|  44|0x000000070a400000, 0x000000070a600000, 0x000000070a600000|100%| E|CS|TAMS 0x000000070a400000, 0x000000070a400000| Complete 
|  45|0x000000070a600000, 0x000000070a800000, 0x000000070a800000|100%| E|CS|TAMS 0x000000070a600000, 0x000000070a600000| Complete 
| 125|0x0000000714600000, 0x0000000714800000, 0x0000000714800000|100%| E|CS|TAMS 0x0000000714600000, 0x0000000714600000| Complete 

Card table byte_map: [0x0000018827060000,0x0000018827840000] _byte_map_base: 0x000001882383a000

Marking Bits (Prev, Next): (CMBitMap*) 0x000001880f362370, (CMBitMap*) 0x000001880f362330
 Prev Bits: [0x000001882bef0000, 0x000001882fdc0000)
 Next Bits: [0x0000018828020000, 0x000001882bef0000)

Polling page: 0x000001880daa0000

Metaspace:

Usage:
  Non-class:     68.64 MB used.
      Class:     10.40 MB used.
       Both:     79.05 MB used.

Virtual space:
  Non-class space:       72.00 MB reserved,      69.00 MB ( 96%) committed,  9 nodes.
      Class space:        1.00 GB reserved,      10.75 MB (  1%) committed,  1 nodes.
             Both:        1.07 GB reserved,      79.75 MB (  7%) committed. 

Chunk freelists:
   Non-Class:  2.23 MB
       Class:  1.28 MB
        Both:  3.51 MB

MaxMetaspaceSize: unlimited
CompressedClassSpaceSize: 1.00 GB
Initial GC threshold: 21.00 MB
Current GC threshold: 98.12 MB
CDS: on
MetaspaceReclaimPolicy: balanced
 - commit_granule_bytes: 65536.
 - commit_granule_words: 8192.
 - virtual_space_node_default_size: 1048576.
 - enlarge_chunks_in_place: 1.
 - new_chunks_are_fully_committed: 0.
 - uncommit_free_chunks: 1.
 - use_allocation_guard: 0.
 - handle_deallocations: 1.


Internal statistics:

num_allocs_failed_limit: 9.
num_arena_births: 1092.
num_arena_deaths: 0.
num_vsnodes_births: 10.
num_vsnodes_deaths: 0.
num_space_committed: 1276.
num_space_uncommitted: 0.
num_chunks_returned_to_freelist: 9.
num_chunks_taken_from_freelist: 4100.
num_chunk_merges: 9.
num_chunk_splits: 2875.
num_chunks_enlarged: 2130.
num_purges: 0.
num_inconsistent_stats: 0.

CodeHeap 'non-profiled nmethods': size=120000Kb used=10289Kb max_used=10289Kb free=109711Kb
 bounds [0x000001881e6d0000, 0x000001881f0e0000, 0x0000018825c00000]
CodeHeap 'profiled nmethods': size=120000Kb used=22011Kb max_used=24891Kb free=97988Kb
 bounds [0x00000188171a0000, 0x00000188189f0000, 0x000001881e6d0000]
CodeHeap 'non-nmethods': size=5760Kb used=1379Kb max_used=1450Kb free=4380Kb
 bounds [0x0000018816c00000, 0x0000018816e70000, 0x00000188171a0000]
 total_blobs=12365 nmethods=11654 adapters=621
 compilation: enabled
              stopped_count=0, restarted_count=0
 full_count=0

Compilation events (20 events):
Event: 884.965 Thread 0x0000018833406d10 nmethod 13928 0x000001881f0ce090 code [0x000001881f0ce200, 0x000001881f0ce278]
Event: 884.979 Thread 0x0000018833406d10 13929       4       java.lang.Integer::toUnsignedString0 (76 bytes)
Event: 884.983 Thread 0x0000018833406d10 nmethod 13929 0x000001881f0ce390 code [0x000001881f0ce520, 0x000001881f0ce9f8]
Event: 884.987 Thread 0x0000018833406d10 13930       4       java.util.concurrent.locks.AbstractQueuedSynchronizer$Node::clearStatus (12 bytes)
Event: 884.987 Thread 0x0000018833406d10 nmethod 13930 0x000001881f0cec10 code [0x000001881f0ced80, 0x000001881f0cedf8]
Event: 884.996 Thread 0x0000018833406d10 13931       4       jdk.internal.reflect.Reflection::verifyMemberAccess (200 bytes)
Event: 885.029 Thread 0x0000018833406d10 nmethod 13931 0x000001881f0cef10 code [0x000001881f0cf220, 0x000001881f0d12e8]
Event: 885.029 Thread 0x0000018833406d10 13932       4       jdk.internal.reflect.Reflection::verifyModuleAccess (24 bytes)
Event: 885.056 Thread 0x0000018833406d10 nmethod 13932 0x000001881f0d2690 code [0x000001881f0d2940, 0x000001881f0d4200]
Event: 885.056 Thread 0x0000018833406d10 13934       4       org.apache.tomcat.util.buf.MessageBytes::equals (78 bytes)
Event: 885.058 Thread 0x0000018833406d10 nmethod 13934 0x000001881f0d5110 code [0x000001881f0d52a0, 0x000001881f0d5548]
Event: 885.058 Thread 0x0000018833406d10 13933   !   4       org.apache.coyote.http11.Http11InputBuffer::fill (435 bytes)
Event: 885.093 Thread 0x0000018833406d10 nmethod 13933 0x000001881f0d5790 code [0x000001881f0d5b40, 0x000001881f0d8908]
Event: 885.094 Thread 0x0000018833406d10 13935       4       java.util.ArrayList::add (65 bytes)
Event: 885.098 Thread 0x0000018833406d10 nmethod 13935 0x000001881f0db610 code [0x000001881f0db7a0, 0x000001881f0dc118]
Event: 885.103 Thread 0x0000018833406d10 13936   !   4       org.springframework.web.servlet.mvc.method.annotation.AbstractMessageConverterMethodProcessor::writeWithMessageConverters (907 bytes)
Event: 885.118 Thread 0x000001883340f710 13938       3       java.util.AbstractQueue::<init> (5 bytes)
Event: 885.118 Thread 0x000001883340f710 nmethod 13938 0x00000188172e8090 code [0x00000188172e8240, 0x00000188172e83f8]
Event: 885.150 Thread 0x000001883340f710 13940       3       org.apache.tomcat.util.buf.UDecoder::convert (338 bytes)
Event: 885.151 Thread 0x000001883340f710 nmethod 13940 0x000001881761e590 code [0x000001881761e800, 0x000001881761f568]

GC Heap History (20 events):
Event: 882.112 GC heap before
{Heap before GC invocations=29 (full 0):
 garbage-first heap   total 96256K, used 82781K [0x0000000704c00000, 0x0000000800000000)
  region size 2048K, 23 young (47104K), 1 survivors (2048K)
 Metaspace       used 80940K, committed 81664K, reserved 1122304K
  class space    used 10650K, committed 11008K, reserved 1048576K
}
Event: 882.114 GC heap after
{Heap after GC invocations=30 (full 0):
 garbage-first heap   total 96256K, used 37655K [0x0000000704c00000, 0x0000000800000000)
  region size 2048K, 1 young (2048K), 1 survivors (2048K)
 Metaspace       used 80940K, committed 81664K, reserved 1122304K
  class space    used 10650K, committed 11008K, reserved 1048576K
}
Event: 882.462 GC heap before
{Heap before GC invocations=30 (full 0):
 garbage-first heap   total 96256K, used 82711K [0x0000000704c00000, 0x0000000800000000)
  region size 2048K, 23 young (47104K), 1 survivors (2048K)
 Metaspace       used 80942K, committed 81664K, reserved 1122304K
  class space    used 10651K, committed 11008K, reserved 1048576K
}
Event: 882.463 GC heap after
{Heap after GC invocations=31 (full 0):
 garbage-first heap   total 96256K, used 37795K [0x0000000704c00000, 0x0000000800000000)
  region size 2048K, 1 young (2048K), 1 survivors (2048K)
 Metaspace       used 80942K, committed 81664K, reserved 1122304K
  class space    used 10651K, committed 11008K, reserved 1048576K
}
Event: 882.792 GC heap before
{Heap before GC invocations=31 (full 0):
 garbage-first heap   total 96256K, used 82851K [0x0000000704c00000, 0x0000000800000000)
  region size 2048K, 23 young (47104K), 1 survivors (2048K)
 Metaspace       used 80942K, committed 81664K, reserved 1122304K
  class space    used 10651K, committed 11008K, reserved 1048576K
}
Event: 882.794 GC heap after
{Heap after GC invocations=32 (full 0):
 garbage-first heap   total 96256K, used 37701K [0x0000000704c00000, 0x0000000800000000)
  region size 2048K, 1 young (2048K), 1 survivors (2048K)
 Metaspace       used 80942K, committed 81664K, reserved 1122304K
  class space    used 10651K, committed 11008K, reserved 1048576K
}
Event: 883.119 GC heap before
{Heap before GC invocations=32 (full 0):
 garbage-first heap   total 96256K, used 82757K [0x0000000704c00000, 0x0000000800000000)
  region size 2048K, 23 young (47104K), 1 survivors (2048K)
 Metaspace       used 80942K, committed 81664K, reserved 1122304K
  class space    used 10651K, committed 11008K, reserved 1048576K
}
Event: 883.121 GC heap after
{Heap after GC invocations=33 (full 0):
 garbage-first heap   total 96256K, used 37683K [0x0000000704c00000, 0x0000000800000000)
  region size 2048K, 1 young (2048K), 1 survivors (2048K)
 Metaspace       used 80942K, committed 81664K, reserved 1122304K
  class space    used 10651K, committed 11008K, reserved 1048576K
}
Event: 883.470 GC heap before
{Heap before GC invocations=33 (full 0):
 garbage-first heap   total 96256K, used 82739K [0x0000000704c00000, 0x0000000800000000)
  region size 2048K, 23 young (47104K), 1 survivors (2048K)
 Metaspace       used 80942K, committed 81664K, reserved 1122304K
  class space    used 10651K, committed 11008K, reserved 1048576K
}
Event: 883.472 GC heap after
{Heap after GC invocations=34 (full 0):
 garbage-first heap   total 96256K, used 37691K [0x0000000704c00000, 0x0000000800000000)
  region size 2048K, 1 young (2048K), 1 survivors (2048K)
 Metaspace       used 80942K, committed 81664K, reserved 1122304K
  class space    used 10651K, committed 11008K, reserved 1048576K
}
Event: 883.810 GC heap before
{Heap before GC invocations=34 (full 0):
 garbage-first heap   total 96256K, used 82747K [0x0000000704c00000, 0x0000000800000000)
  region size 2048K, 23 young (47104K), 1 survivors (2048K)
 Metaspace       used 80942K, committed 81664K, reserved 1122304K
  class space    used 10651K, committed 11008K, reserved 1048576K
}
Event: 883.812 GC heap after
{Heap after GC invocations=35 (full 0):
 garbage-first heap   total 96256K, used 37815K [0x0000000704c00000, 0x0000000800000000)
  region size 2048K, 1 young (2048K), 1 survivors (2048K)
 Metaspace       used 80942K, committed 81664K, reserved 1122304K
  class space    used 10651K, committed 11008K, reserved 1048576K
}
Event: 884.191 GC heap before
{Heap before GC invocations=35 (full 0):
 garbage-first heap   total 96256K, used 82871K [0x0000000704c00000, 0x0000000800000000)
  region size 2048K, 23 young (47104K), 1 survivors (2048K)
 Metaspace       used 80942K, committed 81664K, reserved 1122304K
  class space    used 10651K, committed 11008K, reserved 1048576K
}
Event: 884.193 GC heap after
{Heap after GC invocations=36 (full 0):
 garbage-first heap   total 96256K, used 37800K [0x0000000704c00000, 0x0000000800000000)
  region size 2048K, 1 young (2048K), 1 survivors (2048K)
 Metaspace       used 80942K, committed 81664K, reserved 1122304K
  class space    used 10651K, committed 11008K, reserved 1048576K
}
Event: 884.501 GC heap before
{Heap before GC invocations=36 (full 0):
 garbage-first heap   total 96256K, used 80808K [0x0000000704c00000, 0x0000000800000000)
  region size 2048K, 22 young (45056K), 1 survivors (2048K)
 Metaspace       used 80942K, committed 81664K, reserved 1122304K
  class space    used 10651K, committed 11008K, reserved 1048576K
}
Event: 884.502 GC heap after
{Heap after GC invocations=37 (full 0):
 garbage-first heap   total 96256K, used 37731K [0x0000000704c00000, 0x0000000800000000)
  region size 2048K, 1 young (2048K), 1 survivors (2048K)
 Metaspace       used 80942K, committed 81664K, reserved 1122304K
  class space    used 10651K, committed 11008K, reserved 1048576K
}
Event: 884.813 GC heap before
{Heap before GC invocations=37 (full 0):
 garbage-first heap   total 96256K, used 80739K [0x0000000704c00000, 0x0000000800000000)
  region size 2048K, 22 young (45056K), 1 survivors (2048K)
 Metaspace       used 80942K, committed 81664K, reserved 1122304K
  class space    used 10651K, committed 11008K, reserved 1048576K
}
Event: 884.814 GC heap after
{Heap after GC invocations=38 (full 0):
 garbage-first heap   total 96256K, used 37712K [0x0000000704c00000, 0x0000000800000000)
  region size 2048K, 1 young (2048K), 1 survivors (2048K)
 Metaspace       used 80942K, committed 81664K, reserved 1122304K
  class space    used 10651K, committed 11008K, reserved 1048576K
}
Event: 885.121 GC heap before
{Heap before GC invocations=38 (full 0):
 garbage-first heap   total 96256K, used 80720K [0x0000000704c00000, 0x0000000800000000)
  region size 2048K, 22 young (45056K), 1 survivors (2048K)
 Metaspace       used 80942K, committed 81664K, reserved 1122304K
  class space    used 10651K, committed 11008K, reserved 1048576K
}
Event: 885.122 GC heap after
{Heap after GC invocations=39 (full 0):
 garbage-first heap   total 96256K, used 37717K [0x0000000704c00000, 0x0000000800000000)
  region size 2048K, 1 young (2048K), 1 survivors (2048K)
 Metaspace       used 80942K, committed 81664K, reserved 1122304K
  class space    used 10651K, committed 11008K, reserved 1048576K
}

Deoptimization events (20 events):
Event: 881.840 Thread 0x000001883cdb85f0 Uncommon trap: reason=class_check action=maybe_recompile pc=0x000001881efc9994 method=java.lang.reflect.Array.newInstance(Ljava/lang/Class;I)Ljava/lang/Object; @ 2 c2
Event: 881.840 Thread 0x000001883cdb6de0 Uncommon trap: reason=class_check action=maybe_recompile pc=0x000001881efc9994 method=java.lang.reflect.Array.newInstance(Ljava/lang/Class;I)Ljava/lang/Object; @ 2 c2
Event: 881.840 Thread 0x000001883cdb85f0 DEOPT PACKING pc=0x000001881efc9994 sp=0x00000058b64f9ed0
Event: 881.840 Thread 0x000001883cdb6de0 DEOPT PACKING pc=0x000001881efc9994 sp=0x00000058b60fa270
Event: 881.840 Thread 0x000001883cdb85f0 DEOPT UNPACKING pc=0x0000018816c523a3 sp=0x00000058b64f9da8 mode 2
Event: 881.840 Thread 0x000001883cdb6de0 DEOPT UNPACKING pc=0x0000018816c523a3 sp=0x00000058b60fa148 mode 2
Event: 881.840 Thread 0x000001883cdb85f0 Uncommon trap: trap_request=0xffffffde fr.pc=0x000001881efc9994 relative=0x00000000000002f4
Event: 881.840 Thread 0x000001883cdb85f0 Uncommon trap: reason=class_check action=maybe_recompile pc=0x000001881efc9994 method=java.lang.reflect.Array.newInstance(Ljava/lang/Class;I)Ljava/lang/Object; @ 2 c2
Event: 881.840 Thread 0x000001883cdb85f0 DEOPT PACKING pc=0x000001881efc9994 sp=0x00000058b64f9ed0
Event: 881.840 Thread 0x000001883cdb6de0 Uncommon trap: trap_request=0xffffffde fr.pc=0x000001881efc9994 relative=0x00000000000002f4
Event: 881.840 Thread 0x000001883cdb85f0 DEOPT UNPACKING pc=0x0000018816c523a3 sp=0x00000058b64f9da8 mode 2
Event: 881.840 Thread 0x000001883cdb6de0 Uncommon trap: reason=class_check action=maybe_recompile pc=0x000001881efc9994 method=java.lang.reflect.Array.newInstance(Ljava/lang/Class;I)Ljava/lang/Object; @ 2 c2
Event: 881.840 Thread 0x000001883cdb6de0 DEOPT PACKING pc=0x000001881efc9994 sp=0x00000058b60fa270
Event: 881.840 Thread 0x000001883cdb6de0 DEOPT UNPACKING pc=0x0000018816c523a3 sp=0x00000058b60fa148 mode 2
Event: 882.264 Thread 0x000001883cdb9930 Uncommon trap: trap_request=0xffffff45 fr.pc=0x000001881ee41398 relative=0x0000000000001038
Event: 882.264 Thread 0x000001883cdb9930 Uncommon trap: reason=unstable_if action=reinterpret pc=0x000001881ee41398 method=org.apache.coyote.http11.Http11InputBuffer.parseRequestLine(ZII)Z @ 72 c2
Event: 882.264 Thread 0x000001883cdb9930 DEOPT PACKING pc=0x000001881ee41398 sp=0x00000058b65fe890
Event: 882.264 Thread 0x000001883cdb9930 DEOPT UNPACKING pc=0x0000018816c523a3 sp=0x00000058b65fe830 mode 2
Event: 885.150 Thread 0x000001883cdb6de0 DEOPT PACKING pc=0x000001881890ffe2 sp=0x00000058b60fe870
Event: 885.150 Thread 0x000001883cdb6de0 DEOPT UNPACKING pc=0x0000018816c52b43 sp=0x00000058b60fdc90 mode 0

Classes unloaded (0 events):
No events

Classes redefined (0 events):
No events

Internal exceptions (20 events):
Event: 6.314 Thread 0x000001880f314aa0 Exception <a 'java/lang/NoSuchMethodError'{0x00000007088fbfa0}: 'java.lang.Object java.lang.invoke.Invokers$Holder.invoker(java.lang.Object, java.lang.Object, java.lang.Object, java.lang.Object)'> (0x00000007088fbfa0) 
thrown [t:\workspace\open\src\hotspot\share\interpreter\linkResolver.cpp, line 766]
Event: 6.315 Thread 0x000001880f314aa0 Exception <a 'java/lang/NoSuchMethodError'{0x0000000708905850}: 'int java.lang.invoke.DirectMethodHandle$Holder.invokeSpecial(java.lang.Object, java.lang.Object, java.lang.Object, int)'> (0x0000000708905850) 
thrown [t:\workspace\open\src\hotspot\share\interpreter\linkResolver.cpp, line 766]
Event: 6.316 Thread 0x000001880f314aa0 Exception <a 'java/lang/NoSuchMethodError'{0x0000000708917cc0}: 'java.lang.Object java.lang.invoke.DirectMethodHandle$Holder.invokeStatic(java.lang.Object, java.lang.Object, java.lang.Object, java.lang.Object, int)'> (0x0000000708917cc0) 
thrown [t:\workspace\open\src\hotspot\share\interpreter\linkResolver.cpp, line 766]
Event: 6.316 Thread 0x000001880f314aa0 Exception <a 'java/lang/NoSuchMethodError'{0x0000000708922680}: 'void java.lang.invoke.DelegatingMethodHandle$Holder.reinvoke_L(java.lang.Object, java.lang.Object, int)'> (0x0000000708922680) 
thrown [t:\workspace\open\src\hotspot\share\interpreter\linkResolver.cpp, line 766]
Event: 6.317 Thread 0x000001880f314aa0 Exception <a 'java/lang/NoSuchMethodError'{0x0000000708930378}: 'java.lang.Object java.lang.invoke.Invokers$Holder.invokeExact_MT(java.lang.Object, java.lang.Object, java.lang.Object, java.lang.Object)'> (0x0000000708930378) 
thrown [t:\workspace\open\src\hotspot\share\interpreter\linkResolver.cpp, line 766]
Event: 6.360 Thread 0x000001880f314aa0 Exception <a 'java/lang/reflect/InvocationTargetException'{0x0000000707f0f890}> (0x0000000707f0f890) 
thrown [t:\workspace\open\src\hotspot\share\runtime\reflection.cpp, line 1121]
Event: 6.445 Thread 0x000001880f314aa0 Exception <a 'java/lang/reflect/InvocationTargetException'{0x000000070928b558}> (0x000000070928b558) 
thrown [t:\workspace\open\src\hotspot\share\runtime\reflection.cpp, line 1121]
Event: 6.500 Thread 0x000001880f314aa0 Exception <a 'java/lang/NoSuchMethodError'{0x000000070916f6b8}: 'java.lang.Object java.lang.invoke.DirectMethodHandle$Holder.invokeInterface(java.lang.Object, java.lang.Object, java.lang.Object, java.lang.Object)'> (0x000000070916f6b8) 
thrown [t:\workspace\open\src\hotspot\share\interpreter\linkResolver.cpp, line 766]
Event: 6.587 Thread 0x000001880f314aa0 Exception <a 'sun/nio/fs/WindowsException'{0x0000000708dc88b8}> (0x0000000708dc88b8) 
thrown [t:\workspace\open\src\hotspot\share\prims\jni.cpp, line 516]
Event: 6.654 Thread 0x000001880f314aa0 Exception <a 'java/lang/NoSuchMethodError'{0x000000070871aea0}: 'void java.lang.invoke.DirectMethodHandle$Holder.invokeVirtual(java.lang.Object, java.lang.Object, long)'> (0x000000070871aea0) 
thrown [t:\workspace\open\src\hotspot\share\interpreter\linkResolver.cpp, line 766]
Event: 6.790 Thread 0x000001880f314aa0 Exception <a 'java/lang/IncompatibleClassChangeError'{0x0000000708156000}: Found class java.lang.Object, but interface was expected> (0x0000000708156000) 
thrown [t:\workspace\open\src\hotspot\share\interpreter\linkResolver.cpp, line 833]
Event: 6.827 Thread 0x000001880f314aa0 Implicit null exception at 0x000001881e8c406f to 0x000001881e8c4512
Event: 6.905 Thread 0x000001880f314aa0 Exception <a 'java/lang/NoSuchMethodError'{0x000000070a3948d0}: 'java.lang.Object java.lang.invoke.DirectMethodHandle$Holder.newInvokeSpecial(java.lang.Object, java.lang.Object, int, java.lang.Object, java.lang.Object)'> (0x000000070a3948d0) 
thrown [t:\workspace\open\src\hotspot\share\interpreter\linkResolver.cpp, line 766]
Event: 6.905 Thread 0x000001880f314aa0 Exception <a 'java/lang/NoSuchMethodError'{0x000000070a39fdb8}: 'java.lang.Object java.lang.invoke.DirectMethodHandle$Holder.invokeSpecial(java.lang.Object, java.lang.Object, int, java.lang.Object, int, java.lang.Object)'> (0x000000070a39fdb8) 
thrown [t:\workspace\open\src\hotspot\share\interpreter\linkResolver.cpp, line 766]
Event: 6.905 Thread 0x000001880f314aa0 Exception <a 'java/lang/NoSuchMethodError'{0x000000070a3a7b30}: 'java.lang.Object java.lang.invoke.DirectMethodHandle$Holder.newInvokeSpecial(java.lang.Object, java.lang.Object, int, java.lang.Object, int)'> (0x000000070a3a7b30) 
thrown [t:\workspace\open\src\hotspot\share\interpreter\linkResolver.cpp, line 766]
Event: 6.906 Thread 0x000001880f314aa0 Exception <a 'java/lang/NoSuchMethodError'{0x000000070a3abc30}: 'java.lang.Object java.lang.invoke.DirectMethodHandle$Holder.invokeSpecial(java.lang.Object, java.lang.Object, java.lang.Object, int, java.lang.Object, int)'> (0x000000070a3abc30) 
thrown [t:\workspace\open\src\hotspot\share\interpreter\linkResolver.cpp, line 766]
Event: 44.945 Thread 0x000001883cdb6440 Exception <a 'java/lang/NoSuchMethodError'{0x0000000709b58dd0}: 'java.lang.Object java.lang.invoke.DirectMethodHandle$Holder.invokeSpecial(java.lang.Object, java.lang.Object, java.lang.Object, java.lang.Object, java.lang.Object, long)'> (0x0000000709b58dd0) 
thrown [t:\workspace\open\src\hotspot\share\interpreter\linkResolver.cpp, line 766]
Event: 44.945 Thread 0x000001883cdb6440 Exception <a 'java/lang/NoSuchMethodError'{0x0000000709b5c810}: 'java.lang.Object java.lang.invoke.Invokers$Holder.linkToTargetMethod(java.lang.Object, java.lang.Object, java.lang.Object, long, java.lang.Object)'> (0x0000000709b5c810) 
thrown [t:\workspace\open\src\hotspot\share\interpreter\linkResolver.cpp, line 766]
Event: 45.053 Thread 0x000001883cdb6440 Exception <a 'java/lang/NoSuchMethodError'{0x000000070920dd20}: 'void java.lang.invoke.DirectMethodHandle$Holder.invokeSpecialIFC(java.lang.Object, java.lang.Object, int, java.lang.Object, java.lang.Object, java.lang.Object, java.lang.Object)'> (0x000000070920dd20) 
thrown [t:\workspace\open\src\hotspot\share\interpreter\linkResolver.cpp, line 766]
Event: 103.304 Thread 0x000001883cdb25b0 Implicit null exception at 0x000001881eb8fbde to 0x000001881eb90b24

VM Operations (20 events):
Event: 882.651 Executing VM operation: ICBufferFull
Event: 882.651 Executing VM operation: ICBufferFull done
Event: 882.792 Executing VM operation: G1CollectForAllocation
Event: 882.794 Executing VM operation: G1CollectForAllocation done
Event: 883.119 Executing VM operation: G1CollectForAllocation
Event: 883.121 Executing VM operation: G1CollectForAllocation done
Event: 883.470 Executing VM operation: G1CollectForAllocation
Event: 883.472 Executing VM operation: G1CollectForAllocation done
Event: 883.810 Executing VM operation: G1CollectForAllocation
Event: 883.812 Executing VM operation: G1CollectForAllocation done
Event: 884.191 Executing VM operation: G1CollectForAllocation
Event: 884.193 Executing VM operation: G1CollectForAllocation done
Event: 884.229 Executing VM operation: HandshakeAllThreads
Event: 884.230 Executing VM operation: HandshakeAllThreads done
Event: 884.501 Executing VM operation: G1CollectForAllocation
Event: 884.502 Executing VM operation: G1CollectForAllocation done
Event: 884.813 Executing VM operation: G1CollectForAllocation
Event: 884.814 Executing VM operation: G1CollectForAllocation done
Event: 885.121 Executing VM operation: G1CollectForAllocation
Event: 885.122 Executing VM operation: G1CollectForAllocation done

Events (20 events):
Event: 881.064 Thread 0x0000018833422cd0 flushing nmethod 0x000001881842f690
Event: 881.064 Thread 0x0000018833422cd0 flushing nmethod 0x0000018818469690
Event: 881.064 Thread 0x0000018833422cd0 flushing nmethod 0x000001881846a290
Event: 881.064 Thread 0x0000018833422cd0 flushing nmethod 0x00000188184a6410
Event: 881.064 Thread 0x0000018833422cd0 flushing nmethod 0x00000188184c0710
Event: 881.064 Thread 0x0000018833422cd0 flushing nmethod 0x00000188184e7690
Event: 881.065 Thread 0x0000018833422cd0 flushing nmethod 0x000001881851e610
Event: 881.490 Thread 0x00000188382e1680 Thread added: 0x00000188382e1680
Event: 881.948 loading class sun/util/locale/LocaleExtensions
Event: 881.951 loading class sun/util/locale/LocaleExtensions done
Event: 882.263 loading class jdk/internal/misc/ScopedMemoryAccess$Scope$Handle
Event: 882.264 loading class jdk/internal/misc/ScopedMemoryAccess$Scope$Handle done
Event: 883.002 Thread 0x00000188382e1680 Thread exited: 0x00000188382e1680
Event: 883.015 Thread 0x00000188382e25b0 Thread exited: 0x00000188382e25b0
Event: 884.042 Thread 0x00000188382e25b0 Thread added: 0x00000188382e25b0
Event: 884.233 Thread 0x0000018833422cd0 flushing nmethod 0x00000188173cb990
Event: 884.234 Thread 0x0000018833422cd0 flushing nmethod 0x00000188175e6190
Event: 884.236 Thread 0x0000018833422cd0 flushing nmethod 0x0000018817d2b590
Event: 884.238 Thread 0x0000018833422cd0 flushing nmethod 0x000001881814ba90
Event: 884.418 Thread 0x00000188382e25b0 Thread exited: 0x00000188382e25b0


Dynamic libraries:
0x00007ff73d960000 - 0x00007ff73d970000 	C:\Program Files\Java\jdk-17\bin\java.exe
0x00007ff91ded0000 - 0x00007ff91e0c8000 	C:\WINDOWS\SYSTEM32\ntdll.dll
0x00007ff91c1f0000 - 0x00007ff91c2af000 	C:\WINDOWS\System32\KERNEL32.DLL
0x00007ff91bb30000 - 0x00007ff91be02000 	C:\WINDOWS\System32\KERNELBASE.dll
0x00007ff91be10000 - 0x00007ff91bf10000 	C:\WINDOWS\System32\ucrtbase.dll
0x00007ff8d1230000 - 0x00007ff8d124a000 	C:\Program Files\Java\jdk-17\bin\VCRUNTIME140.dll
0x00007ff8d1210000 - 0x00007ff8d1228000 	C:\Program Files\Java\jdk-17\bin\jli.dll
0x00007ff91cbf0000 - 0x00007ff91cc9e000 	C:\WINDOWS\System32\ADVAPI32.dll
0x00007ff91c2b0000 - 0x00007ff91c34e000 	C:\WINDOWS\System32\msvcrt.dll
0x00007ff91c410000 - 0x00007ff91c4ac000 	C:\WINDOWS\System32\sechost.dll
0x00007ff91dd60000 - 0x00007ff91de85000 	C:\WINDOWS\System32\RPCRT4.dll
0x00007ff91d450000 - 0x00007ff91d5f1000 	C:\WINDOWS\System32\USER32.dll
0x00007ff8feea0000 - 0x00007ff8ff13a000 	C:\WINDOWS\WinSxS\amd64_microsoft.windows.common-controls_6595b64144ccf1df_6.0.19041.1110_none_60b5254171f9507e\COMCTL32.dll
0x00007ff91b740000 - 0x00007ff91b762000 	C:\WINDOWS\System32\win32u.dll
0x00007ff91d6b0000 - 0x00007ff91d6db000 	C:\WINDOWS\System32\GDI32.dll
0x00007ff91b630000 - 0x00007ff91b73f000 	C:\WINDOWS\System32\gdi32full.dll
0x00007ff91b930000 - 0x00007ff91b9cd000 	C:\WINDOWS\System32\msvcp_win.dll
0x00007ff915950000 - 0x00007ff91595a000 	C:\WINDOWS\SYSTEM32\VERSION.dll
0x00007ff91d670000 - 0x00007ff91d6a2000 	C:\WINDOWS\System32\IMM32.DLL
0x000001880dac0000 - 0x000001880dad4000 	C:\WINDOWS\System32\umppc17706.dll
0x00007ff8d3930000 - 0x00007ff8d393c000 	C:\Program Files\Java\jdk-17\bin\vcruntime140_1.dll
0x00007ff8d1180000 - 0x00007ff8d120d000 	C:\Program Files\Java\jdk-17\bin\msvcp140.dll
0x00007ff89b1d0000 - 0x00007ff89bd8e000 	C:\Program Files\Java\jdk-17\bin\server\jvm.dll
0x00007ff91cbd0000 - 0x00007ff91cbd8000 	C:\WINDOWS\System32\PSAPI.DLL
0x00007ff8f2a90000 - 0x00007ff8f2a99000 	C:\WINDOWS\SYSTEM32\WSOCK32.dll
0x00007ff91d600000 - 0x00007ff91d66b000 	C:\WINDOWS\System32\WS2_32.dll
0x00007ff8fdee0000 - 0x00007ff8fdf07000 	C:\WINDOWS\SYSTEM32\WINMM.dll
0x00007ff919df0000 - 0x00007ff919e02000 	C:\WINDOWS\SYSTEM32\kernel.appcore.dll
0x00007ff8d1170000 - 0x00007ff8d117a000 	C:\Program Files\Java\jdk-17\bin\jimage.dll
0x00007ff919180000 - 0x00007ff919364000 	C:\WINDOWS\SYSTEM32\DBGHELP.DLL
0x00007ff8ff1e0000 - 0x00007ff8ff215000 	C:\WINDOWS\SYSTEM32\dbgcore.DLL
0x00007ff91b820000 - 0x00007ff91b8a2000 	C:\WINDOWS\System32\bcryptPrimitives.dll
0x00007ff8c3a80000 - 0x00007ff8c3a8e000 	C:\Program Files\Java\jdk-17\bin\instrument.dll
0x00007ff8c3be0000 - 0x00007ff8c3c05000 	C:\Program Files\Java\jdk-17\bin\java.dll
0x00007ff8c3b00000 - 0x00007ff8c3bd6000 	C:\Program Files\Java\jdk-17\bin\svml.dll
0x00007ff91cd00000 - 0x00007ff91d444000 	C:\WINDOWS\System32\SHELL32.dll
0x00007ff9195e0000 - 0x00007ff919d72000 	C:\WINDOWS\SYSTEM32\windows.storage.dll
0x00007ff91d890000 - 0x00007ff91dbe5000 	C:\WINDOWS\System32\combase.dll
0x00007ff91af40000 - 0x00007ff91af70000 	C:\WINDOWS\SYSTEM32\Wldp.dll
0x00007ff91c040000 - 0x00007ff91c0ed000 	C:\WINDOWS\System32\SHCORE.dll
0x00007ff91c4b0000 - 0x00007ff91c505000 	C:\WINDOWS\System32\shlwapi.dll
0x00007ff91b500000 - 0x00007ff91b51f000 	C:\WINDOWS\SYSTEM32\profapi.dll
0x00007ff8c3aa0000 - 0x00007ff8c3ab8000 	C:\Program Files\Java\jdk-17\bin\zip.dll
0x00007ff8c3ae0000 - 0x00007ff8c3af9000 	C:\Program Files\Java\jdk-17\bin\net.dll
0x00007ff9154f0000 - 0x00007ff9155fc000 	C:\WINDOWS\SYSTEM32\WINHTTP.dll
0x00007ff91ad20000 - 0x00007ff91ad8a000 	C:\WINDOWS\system32\mswsock.dll
0x00007ff8c3ac0000 - 0x00007ff8c3ad5000 	C:\Program Files\Java\jdk-17\bin\nio.dll
0x00007ff8a95a0000 - 0x00007ff8a95ba000 	C:\Program Files\JetBrains\IntelliJ IDEA Community Edition 2021.1.3\bin\breakgen64.dll
0x00007ff91af80000 - 0x00007ff91af98000 	C:\WINDOWS\SYSTEM32\CRYPTSP.dll
0x00007ff91a5f0000 - 0x00007ff91a624000 	C:\WINDOWS\system32\rsaenh.dll
0x00007ff91b8b0000 - 0x00007ff91b8d7000 	C:\WINDOWS\System32\bcrypt.dll
0x00007ff91b4c0000 - 0x00007ff91b4ee000 	C:\WINDOWS\SYSTEM32\USERENV.dll
0x00007ff91aeb0000 - 0x00007ff91aebc000 	C:\WINDOWS\SYSTEM32\CRYPTBASE.dll
0x00007ff91a9e0000 - 0x00007ff91aa1b000 	C:\WINDOWS\SYSTEM32\IPHLPAPI.DLL
0x00007ff91c0f0000 - 0x00007ff91c0f8000 	C:\WINDOWS\System32\NSI.dll
0x00007ff916430000 - 0x00007ff916447000 	C:\WINDOWS\SYSTEM32\dhcpcsvc6.DLL
0x00007ff916410000 - 0x00007ff91642d000 	C:\WINDOWS\SYSTEM32\dhcpcsvc.DLL
0x00007ff91aa20000 - 0x00007ff91aaea000 	C:\WINDOWS\SYSTEM32\DNSAPI.dll
0x00007ff8c3a90000 - 0x00007ff8c3a9e000 	C:\Program Files\Java\jdk-17\bin\sunmscapi.dll
0x00007ff91b9d0000 - 0x00007ff91bb26000 	C:\WINDOWS\System32\CRYPT32.dll
0x00007ff91b090000 - 0x00007ff91b0b7000 	C:\WINDOWS\SYSTEM32\ncrypt.dll
0x00007ff91b050000 - 0x00007ff91b08b000 	C:\WINDOWS\SYSTEM32\NTASN1.dll
0x00007ff8aaf60000 - 0x00007ff8aaf69000 	C:\Program Files\Java\jdk-17\bin\management.dll
0x00007ff8aa4e0000 - 0x00007ff8aa4eb000 	C:\Program Files\Java\jdk-17\bin\management_ext.dll
0x00007ff8a9590000 - 0x00007ff8a95a0000 	C:\Program Files\Java\jdk-17\bin\verify.dll
0x00007ff913b00000 - 0x00007ff913b0a000 	C:\Windows\System32\rasadhlp.dll
0x00007ff916540000 - 0x00007ff9165c0000 	C:\WINDOWS\System32\fwpuclnt.dll
0x00007ff90a460000 - 0x00007ff90a467000 	C:\WINDOWS\system32\wshunix.dll

dbghelp: loaded successfully - version: 4.0.5 - missing functions: none
symbol engine: initialized successfully - sym options: 0x614 - pdb path: .;C:\Program Files\Java\jdk-17\bin;C:\WINDOWS\SYSTEM32;C:\WINDOWS\WinSxS\amd64_microsoft.windows.common-controls_6595b64144ccf1df_6.0.19041.1110_none_60b5254171f9507e;C:\Program Files\Java\jdk-17\bin\server;C:\Program Files\JetBrains\IntelliJ IDEA Community Edition 2021.1.3\bin

VM Arguments:
jvm_args: -javaagent:C:\Program Files\JetBrains\IntelliJ IDEA Community Edition 2021.1.3\lib\idea_rt.jar=60147:C:\Program Files\JetBrains\IntelliJ IDEA Community Edition 2021.1.3\bin -Dfile.encoding=UTF-8 
java_command: com.vertex.vertex.VertexApplication
java_class_path (initial): C:\Users\anacb\Vertex-API\target\classes;C:\Users\anacb\.m2\repository\org\springframework\boot\spring-boot-starter-data-jpa\3.1.5\spring-boot-starter-data-jpa-3.1.5.jar;C:\Users\anacb\.m2\repository\org\springframework\boot\spring-boot-starter-aop\3.1.5\spring-boot-starter-aop-3.1.5.jar;C:\Users\anacb\.m2\repository\org\springframework\spring-aop\6.0.13\spring-aop-6.0.13.jar;C:\Users\anacb\.m2\repository\org\aspectj\aspectjweaver\1.9.20\aspectjweaver-1.9.20.jar;C:\Users\anacb\.m2\repository\org\springframework\boot\spring-boot-starter-jdbc\3.1.5\spring-boot-starter-jdbc-3.1.5.jar;C:\Users\anacb\.m2\repository\com\zaxxer\HikariCP\5.0.1\HikariCP-5.0.1.jar;C:\Users\anacb\.m2\repository\org\springframework\spring-jdbc\6.0.13\spring-jdbc-6.0.13.jar;C:\Users\anacb\.m2\repository\org\hibernate\orm\hibernate-core\6.2.13.Final\hibernate-core-6.2.13.Final.jar;C:\Users\anacb\.m2\repository\jakarta\persistence\jakarta.persistence-api\3.1.0\jakarta.persistence-api-3.1.0.jar;C:\Users\anacb\.m2\repository\jakarta\transaction\jakarta.transaction-api\2.0.1\jakarta.transaction-api-2.0.1.jar;C:\Users\anacb\.m2\repository\org\jboss\logging\jboss-logging\3.5.3.Final\jboss-logging-3.5.3.Final.jar;C:\Users\anacb\.m2\repository\org\hibernate\common\hibernate-commons-annotations\6.0.6.Final\hibernate-commons-annotations-6.0.6.Final.jar;C:\Users\anacb\.m2\repository\io\smallrye\jandex\3.0.5\jandex-3.0.5.jar;C:\Users\anacb\.m2\repository\com\fasterxml\classmate\1.5.1\classmate-1.5.1.jar;C:\Users\anacb\.m2\repository\net\bytebuddy\byte-buddy\1.14.9\byte-buddy-1.14.9.jar;C:\Users\anacb\.m2\repository\org\glassfish\jaxb\jaxb-runtime\4.0.3\jaxb-runtime-4.0.3.jar;C:\Users\anacb\.m2\repository\org\glassfish\jaxb\jaxb-core\4.0.3\jaxb-core-4.0.3.jar;C:\Users\anacb\.m2\repository\org\eclipse\angus\angus-activation\2.0.1\angus-activation-2.0.1.jar;C:\Users\anacb\.m2\repository\org\glassfish\jaxb\txw2\4.0.3\txw2-4.0.3.jar;C:\Users\anacb\.m2\repository\com\sun\istack\istack-
Launcher Type: SUN_STANDARD

[Global flags]
     intx CICompilerCount                          = 4                                         {product} {ergonomic}
     uint ConcGCThreads                            = 3                                         {product} {ergonomic}
     uint G1ConcRefinementThreads                  = 10                                        {product} {ergonomic}
   size_t G1HeapRegionSize                         = 2097152                                   {product} {ergonomic}
    uintx GCDrainStackTargetSize                   = 64                                        {product} {ergonomic}
   size_t InitialHeapSize                          = 264241152                                 {product} {ergonomic}
   size_t MarkStackSize                            = 4194304                                   {product} {ergonomic}
   size_t MaxHeapSize                              = 4215275520                                {product} {ergonomic}
   size_t MaxNewSize                               = 2529165312                                {product} {ergonomic}
   size_t MinHeapDeltaBytes                        = 2097152                                   {product} {ergonomic}
   size_t MinHeapSize                              = 8388608                                   {product} {ergonomic}
    uintx NonNMethodCodeHeapSize                   = 5839372                                {pd product} {ergonomic}
    uintx NonProfiledCodeHeapSize                  = 122909434                              {pd product} {ergonomic}
    uintx ProfiledCodeHeapSize                     = 122909434                              {pd product} {ergonomic}
    uintx ReservedCodeCacheSize                    = 251658240                              {pd product} {ergonomic}
     bool SegmentedCodeCache                       = true                                      {product} {ergonomic}
   size_t SoftMaxHeapSize                          = 4215275520                             {manageable} {ergonomic}
     bool UseCompressedClassPointers               = true                           {product lp64_product} {ergonomic}
     bool UseCompressedOops                        = true                           {product lp64_product} {ergonomic}
     bool UseG1GC                                  = true                                      {product} {ergonomic}
     bool UseLargePagesIndividualAllocation        = false                                  {pd product} {ergonomic}

Logging:
Log output configuration:
 #0: stdout all=warning uptime,level,tags
 #1: stderr all=off uptime,level,tags

Environment Variables:
JAVA_HOME=C:\Program Files\Java\jdk1.8.0_111
PATH=C:\Program Files (x86)\VMware\VMware Player\bin\;C:\Program Files\Common Files\Oracle\Java\javapath;C:\Python39\Scripts\;C:\Python39\;C:\ProgramData\Oracle\Java\javapath;C:\Python38\Scripts\;C:\Python38\;C:\Program Files (x86)\Common Files\Oracle\Java\javapath;C:\WINDOWS\system32;C:\WINDOWS;C:\WINDOWS\System32\Wbem;C:\WINDOWS\System32\WindowsPowerShell\v1.0\;C:\WINDOWS\System32\OpenSSH\;C:\Program Files (x86)\IronRuby 1.1\bin;C:\Program Files\Microsoft SQL Server\120\Tools\Binn\;C:\Program Files\Microsoft SQL Server\Client SDK\ODBC\110\Tools\Binn\;C:\Program Files (x86)\IVI Foundation\VISA\WinNT\Bin;C:\Program Files (x86)\Windows Live\Shared;C:\ProgramData\chocolatey\bin;C:\Program Files (x86)\Microchip\MPLAB C32 Suite\bin;C:\Program Files (x86)\Microsoft SQL Server\120\Tools\Binn\;C:\Program Files\Microsoft SQL Server\120\DTS\Binn\;C:\Program Files (x86)\Windows Kits\8.1\Windows Performance Toolkit\;C:\Program Files (x86)\P-CAD 2006 Viewer\;C:\Program Files (x86)\Brackets\command;C:\Users\Aluno\AppData\Roaming\npm;C:\Program Files\dotnet\;C:\Program Files\Microsoft SQL Server\130\Tools\Binn\;C:\Program Files\Microsoft SQL Server\Client SDK\ODBC\170\Tools\Binn\;c:\src\flutter;C:\ProgramData\UNIVALI\Portugol Studio;C:\Program Files\Git\cmd;C:\Program Files (x86)\Yarn\bin\;C:\Program Files\Android\Sdk\emulator;C:\Program Files\Android\Sdk\tools;C:\Program Files\Android\Sdk\tools\bin;C:\Program Files\Android\Sdk\platform-tools;C:\Program Files (x86)\Yarn\bin;C:\Program Files\PuTTY\;C:\Program Files\nodejs\;;C:\Program Files\Docker\Docker\resources\bin;C:\ProgramData\DockerDesktop\version-bin;C:\Users\anacb\AppData\Local\Microsoft\WindowsApps;;C:\Users\anacb\AppData\Local\Programs\Microsoft VS Code\bin
USERNAME=anacb
OS=Windows_NT
PROCESSOR_IDENTIFIER=Intel64 Family 6 Model 151 Stepping 5, GenuineIntel



---------------  S Y S T E M  ---------------

OS:
 Windows 10 , 64 bit Build 19041 (10.0.19041.2364)
OS uptime: 0 days 0:24 hours
Hyper-V role detected

CPU: total 12 (initial active 12) (6 cores per cpu, 2 threads per core) family 6 model 151 stepping 5 microcode 0x1e, cx8, cmov, fxsr, ht, mmx, 3dnowpref, sse, sse2, sse3, ssse3, sse4.1, sse4.2, popcnt, lzcnt, tsc, tscinvbit, avx, avx2, aes, erms, clmul, bmi1, bmi2, adx, sha, fma, vzeroupper, clflush, clflushopt, clwb, hv

Memory: 4k page, system-wide physical 16072M (4127M free)
TotalPageFile size 17498M (AvailPageFile size 8M)
current process WorkingSet (physical memory assigned to process): 323M, peak: 346M
current process commit charge ("private bytes"): 369M, peak: 418M

vm_info: Java HotSpot(TM) 64-Bit Server VM (17+35-LTS-2724) for windows-amd64 JRE (17+35-LTS-2724), built on Aug  5 2021 23:28:28 by "mach5one" with MS VC++ 16.8 (VS2019)

END.
